2024-07-29 19:47:04,529 __main__ INFO: starting scan...
2024-07-29 19:47:09,357 __main__ INFO: connecting to device...
2024-07-29 19:47:11,383 __main__ INFO: connected
2024-07-29 19:47:11,406 __main__ INFO: [Service] 00001800-0000-1000-8000-00805f9b34fb (Handle: 10): Generic Access Profile
2024-07-29 19:47:12,014 __main__ INFO:   [Characteristic] 00002a00-0000-1000-8000-00805f9b34fb (Handle: 11): Device Name (read), Value: bytearray(b'MPY ESP32')
2024-07-29 19:47:12,134 __main__ INFO:   [Characteristic] 00002a01-0000-1000-8000-00805f9b34fb (Handle: 13): Appearance (read), Value: bytearray(b'\x00\x00')
2024-07-29 19:47:12,135 __main__ INFO: [Service] 00001801-0000-1000-8000-00805f9b34fb (Handle: 15): Generic Attribute Profile
2024-07-29 19:47:12,136 __main__ INFO:   [Characteristic] 00002a05-0000-1000-8000-00805f9b34fb (Handle: 16): Service Changed (indicate)
2024-07-29 19:47:12,253 __main__ INFO:     [Descriptor] 00002902-0000-1000-8000-00805f9b34fb (Handle: 18): Client Characteristic Configuration, Value: bytearray(b'\x00\x00')
2024-07-29 19:47:12,254 __main__ INFO: [Service] 19b10000-e8f2-537e-4f6c-d104768a1214 (Handle: 19): Unknown
2024-07-29 19:47:12,374 __main__ INFO:   [Characteristic] 19b10001-e8f2-537e-4f6c-d104768a1214 (Handle: 20): Unknown (read,notify), Value: bytearray(b'[3, 0.001335144, 25.16982, 1, 4154101000]')
2024-07-29 19:47:12,494 __main__ INFO:     [Descriptor] 00002902-0000-1000-8000-00805f9b34fb (Handle: 22): Client Characteristic Configuration, Value: bytearray(b'\x00\x00')
2024-07-29 19:47:12,613 __main__ INFO:   [Characteristic] 19b10002-e8f2-537e-4f6c-d104768a1214 (Handle: 23): Unknown (read,write,notify), Value: bytearray(b'')
2024-07-29 19:47:12,732 __main__ INFO:     [Descriptor] 00002902-0000-1000-8000-00805f9b34fb (Handle: 25): Client Characteristic Configuration, Value: bytearray(b'\x00\x00')
2024-07-29 19:47:12,853 __main__ INFO: Unknown: bytearray(b'[0, 0.01306534, 24.90135, 1, 4658020000]')
2024-07-29 19:47:12,886 __main__ INFO: Unknown: bytearray(b'[3, 0.001525879, 25.17792, 1, 4664480000]')
2024-07-29 19:47:12,897 __main__ INFO: Unknown: bytearray(b'[0, 0.01468658, 24.9395, 1, 4687899000]')
2024-07-29 19:47:12,904 __main__ INFO: Unknown: bytearray(b'[3, 0.001716614, 25.17172, 1, 4694361000]')
2024-07-29 19:47:12,912 __main__ INFO: Unknown: bytearray(b'[0, 0.0128746, 24.94141, 1, 4717849000]')
2024-07-29 19:47:12,973 __main__ INFO: Unknown: bytearray(b'[3, 0.001525879, 25.13548, 1, 4724323000]')
2024-07-29 19:47:13,000 __main__ INFO: Unknown: bytearray(b'[0, 0.01239777, 24.89277, 1, 4747887000]')
2024-07-29 19:47:13,008 __main__ INFO: Unknown: bytearray(b'[3, 0.001716614, 25.15741, 1, 4754351000]')
2024-07-29 19:47:13,014 __main__ INFO: Unknown: bytearray(b'[0, 0.01173019, 24.94331, 1, 4777876000]')
2024-07-29 19:47:13,019 __main__ INFO: Unknown: bytearray(b'[3, 0.001811981, 25.20844, 1, 4784290000]')
2024-07-29 19:47:13,024 __main__ INFO: Unknown: bytearray(b'[0, 0.01268387, 24.90326, 1, 4807780000]')
2024-07-29 19:47:13,029 __main__ INFO: Unknown: bytearray(b'[3, 0.002002716, 25.16171, 1, 4814242000]')
2024-07-29 19:47:13,034 __main__ INFO: Unknown: bytearray(b'[0, 0.01392365, 24.91614, 1, 4838129000]')
2024-07-29 19:47:13,040 __main__ INFO: Unknown: bytearray(b'[3, 0.002288818, 25.17601, 1, 4844582000]')
2024-07-29 19:47:13,046 __main__ INFO: Unknown: bytearray(b'[0, 0.01268387, 24.90564, 1, 4867896000]')
2024-07-29 19:47:13,051 __main__ INFO: Unknown: bytearray(b'[3, 0.001716614, 25.18411, 1, 4874357000]')
2024-07-29 19:47:13,092 __main__ INFO: Unknown: bytearray(b'[0, 0.01335144, 24.88228, 1, 4897927000]')
2024-07-29 19:47:13,118 __main__ INFO: Unknown: bytearray(b'[3, 0.002002716, 25.17982, 1, 4904371000]')
2024-07-29 19:47:13,124 __main__ INFO: Unknown: bytearray(b'[0, 0.01449585, 24.86749, 1, 4927896000]')
2024-07-29 19:47:13,129 __main__ INFO: Unknown: bytearray(b'[3, 0.001525879, 25.15359, 1, 4934359000]')
2024-07-29 19:47:13,212 __main__ INFO: Unknown: bytearray(b'[0, 0.0125885, 24.8632, 1, 4957841000]')
2024-07-29 19:47:13,238 __main__ INFO: Unknown: bytearray(b'[3, 0.001049042, 25.17982, 1, 4964293000]')
2024-07-29 19:47:13,245 __main__ INFO: Unknown: bytearray(b'[0, 0.01344681, 24.89706, 1, 4987885000]')
2024-07-29 19:47:13,252 __main__ INFO: Unknown: bytearray(b'[3, 0.001716614, 25.15359, 1, 4996964000]')
2024-07-29 19:47:13,258 __main__ INFO: Unknown: bytearray(b'[0, 0.01239777, 24.91614, 1, 5017973000]')
2024-07-29 19:47:13,264 __main__ INFO: Unknown: bytearray(b'[3, 0.000667572, 25.16171, 1, 5024410000]')
2024-07-29 19:47:13,269 __main__ INFO: Unknown: bytearray(b'[0, 0.01173019, 24.91614, 1, 5047789000]')
2024-07-29 19:47:13,275 __main__ INFO: Unknown: bytearray(b'[3, 0.001525879, 25.16171, 1, 5054235000]')
2024-07-29 19:47:13,282 __main__ INFO: Unknown: bytearray(b'[0, 0.01144409, 24.90993, 1, 5079109000]')
2024-07-29 19:47:13,288 __main__ INFO: Unknown: bytearray(b'[3, 0.002479553, 25.16361, 1, 5085585000]')
2024-07-29 19:47:13,294 __main__ INFO: Unknown: bytearray(b'[0, 0.01344681, 24.85462, 1, 5107898000]')
2024-07-29 19:47:13,299 __main__ INFO: Unknown: bytearray(b'[3, 0.0008583069, 25.20605, 1, 5114328000]')
2024-07-29 19:47:13,333 __main__ INFO: Unknown: bytearray(b'[0, 0.01316071, 24.87799, 1, 5138014000]')
2024-07-29 19:47:13,340 __main__ INFO: Unknown: bytearray(b'[3, 0.001525879, 25.17363, 1, 5144487000]')
2024-07-29 19:47:13,353 __main__ INFO: Unknown: bytearray(b'[0, 0.01192093, 24.90993, 1, 5167893000]')
2024-07-29 19:47:13,365 __main__ INFO: Unknown: bytearray(b'[3, 0.002098083, 25.18602, 1, 5174338000]')
2024-07-29 19:47:13,394 __main__ INFO: Unknown: bytearray(b'[0, 0.01296997, 24.91805, 1, 5197839000]')
2024-07-29 19:47:13,401 __main__ INFO: Unknown: bytearray(b'[3, 0.002288818, 25.16171, 1, 5204322000]')
2024-07-29 19:47:13,408 __main__ INFO: Unknown: bytearray(b'[0, 0.01163483, 24.86511, 1, 5227879000]')
2024-07-29 19:47:13,414 __main__ INFO: Unknown: bytearray(b'[3, 0.001525879, 25.18411, 1, 5234391000]')
2024-07-29 19:47:13,453 __main__ INFO: Unknown: bytearray(b'[0, 0.01163483, 24.88419, 1, 5258020000]')
2024-07-29 19:47:13,462 __main__ INFO: Unknown: bytearray(b'[3, 0.001525879, 25.17363, 1, 5264485000]')
2024-07-29 19:47:13,477 __main__ INFO: Unknown: bytearray(b'[0, 0.01134872, 24.92043, 1, 5287774000]')
2024-07-29 19:47:13,484 __main__ INFO: Unknown: bytearray(b'[3, 0.001430511, 25.16171, 1, 5294199000]')
2024-07-29 19:47:13,514 __main__ INFO: Unknown: bytearray(b'[0, 0.01153946, 24.88847, 1, 5317919000]')
2024-07-29 19:47:13,522 __main__ INFO: Unknown: bytearray(b'[3, 0.001430511, 25.16552, 1, 5324376000]')
2024-07-29 19:47:13,530 __main__ INFO: Unknown: bytearray(b'[0, 0.01192093, 24.87179, 1, 5347897000]')
2024-07-29 19:47:13,536 __main__ INFO: Unknown: bytearray(b'[3, 0.001716614, 25.1555, 1, 5356562000]')
2024-07-29 19:47:13,573 __main__ INFO: Unknown: bytearray(b'[0, 0.01335144, 24.89516, 1, 5378032000]')
2024-07-29 19:47:13,581 __main__ INFO: Unknown: bytearray(b'[3, 0.001716614, 25.16791, 1, 5384492000]')
2024-07-29 19:47:13,586 __main__ INFO: Unknown: bytearray(b'[0, 0.01077652, 24.88228, 1, 5407899000]')
2024-07-29 19:47:13,591 __main__ INFO: Unknown: bytearray(b'[3, 0.002002716, 25.21034, 1, 5414353000]')
2024-07-29 19:47:13,633 __main__ INFO: Unknown: bytearray(b'[0, 0.01249313, 24.89706, 1, 5437847000]')
2024-07-29 19:47:13,641 __main__ INFO: Unknown: bytearray(b'[3, 0.001811981, 25.17363, 1, 5444327000]')
2024-07-29 19:47:13,647 __main__ INFO: Unknown: bytearray(b'[0, 0.0123024, 24.91184, 1, 5467887000]')
2024-07-29 19:47:13,652 __main__ INFO: Unknown: bytearray(b'[3, 0.002288818, 25.18173, 1, 5474314000]')
2024-07-29 19:47:13,692 __main__ INFO: Unknown: bytearray(b'[0, 0.01220703, 24.89897, 1, 5498021000]')
2024-07-29 19:47:13,699 __main__ INFO: Unknown: bytearray(b'[3, 0.002193451, 25.16982, 1, 5504488000]')
2024-07-29 19:47:13,704 __main__ INFO: Unknown: bytearray(b'[0, 0.01249313, 24.91805, 1, 5527781000]')
2024-07-29 19:47:13,709 __main__ INFO: Unknown: bytearray(b'[3, 0.001239777, 25.16982, 1, 5534218000]')
2024-07-29 19:47:13,812 __main__ INFO: Unknown: bytearray(b'[0, 0.01468658, 24.91375, 1, 5557919000]')
2024-07-29 19:47:13,839 __main__ INFO: Unknown: bytearray(b'[3, 0.001525879, 25.1598, 1, 5564378000]')
2024-07-29 19:47:13,845 __main__ INFO: Unknown: bytearray(b'[0, 0.01268387, 24.92043, 1, 5587899000]')
2024-07-29 19:47:13,851 __main__ INFO: Unknown: bytearray(b'[3, 0.001621246, 25.17363, 1, 5594345000]')
2024-07-29 19:47:13,856 __main__ INFO: Unknown: bytearray(b'[0, 0.01249313, 24.86749, 1, 5617976000]')
2024-07-29 19:47:13,864 __main__ INFO: Unknown: bytearray(b'[3, 0.001239777, 25.18793, 1, 5624440000]')
2024-07-29 19:47:13,870 __main__ INFO: Unknown: bytearray(b'[0, 0.01134872, 24.91184, 1, 5647886000]')
2024-07-29 19:47:13,875 __main__ INFO: Unknown: bytearray(b'[3, 0.001621246, 25.14931, 1, 5654318000]')
2024-07-29 19:47:13,882 __main__ INFO: Unknown: bytearray(b'[0, 0.01354218, 24.90326, 1, 5677837000]')
2024-07-29 19:47:13,887 __main__ INFO: Unknown: bytearray(b'[3, 0.001239777, 25.18173, 1, 5684306000]')
2024-07-29 19:47:13,893 __main__ INFO: Unknown: bytearray(b'[0, 0.01363754, 24.85701, 1, 5707879000]')
2024-07-29 19:47:13,899 __main__ INFO: Unknown: bytearray(b'[3, 0.002288818, 25.16982, 1, 5716399000]')
2024-07-29 19:47:13,933 __main__ INFO: Unknown: bytearray(b'[0, 0.01296997, 24.91614, 1, 5738026000]')
2024-07-29 19:47:13,939 __main__ INFO: Unknown: bytearray(b'[3, 0.001335144, 25.16552, 1, 5744498000]')
2024-07-29 19:47:13,946 __main__ INFO: Unknown: bytearray(b'[0, 0.01125336, 24.88419, 1, 5767781000]')
2024-07-29 19:47:13,951 __main__ INFO: Unknown: bytearray(b'[3, 0.001811981, 25.19604, 1, 5774226000]')
2024-07-29 19:47:13,992 __main__ INFO: Unknown: bytearray(b'[0, 0.0120163, 24.85892, 1, 5797928000]')
2024-07-29 19:47:14,000 __main__ INFO: Unknown: bytearray(b'[3, 0.001907349, 25.17363, 1, 5804376000]')
2024-07-29 19:47:14,008 __main__ INFO: Unknown: bytearray(b'[0, 0.01296997, 24.88847, 1, 5827900000]')
2024-07-29 19:47:14,014 __main__ INFO: Unknown: bytearray(b'[3, 0.001335144, 25.18793, 1, 5834353000]')
2024-07-29 19:47:14,053 __main__ INFO: Unknown: bytearray(b'[0, 0.01163483, 24.90135, 1, 5858019000]')
2024-07-29 19:47:14,060 __main__ INFO: Unknown: bytearray(b'[3, 0.002574921, 25.19794, 1, 5864488000]')
2024-07-29 19:47:14,066 __main__ INFO: Unknown: bytearray(b'[0, 0.01173019, 24.83173, 1, 5887887000]')
2024-07-29 19:47:14,072 __main__ INFO: Unknown: bytearray(b'[3, 0.001621246, 25.16791, 1, 5894314000]')
2024-07-29 19:47:14,103 __main__ INFO: Unknown: bytearray(b'[0, 0.01277924, 24.88419, 1, 5917842000]')
2024-07-29 19:47:14,119 __main__ INFO: Unknown: bytearray(b'[3, 0.001811981, 25.16791, 1, 5924328000]')
2024-07-29 19:47:14,119 __main__ INFO: Unknown: bytearray(b'[0, 0.01182556, 24.88419, 1, 5947882000]')
2024-07-29 19:47:14,119 __main__ INFO: Unknown: bytearray(b'[3, 0.001716614, 25.16361, 1, 5954330000]')
2024-07-29 19:47:14,166 __main__ INFO: Unknown: bytearray(b'[0, 0.01249313, 24.91614, 1, 5978016000]')
2024-07-29 19:47:14,198 __main__ INFO: Unknown: bytearray(b'[3, 0.001525879, 25.19413, 1, 5984475000]')
2024-07-29 19:47:14,198 __main__ INFO: Unknown: bytearray(b'[0, 0.01153946, 24.89086, 1, 6007779000]')
2024-07-29 19:47:14,198 __main__ INFO: Unknown: bytearray(b'[3, 0.001239777, 25.16361, 1, 6014232000]')
2024-07-29 19:47:14,229 __main__ INFO: Unknown: bytearray(b'[0, 0.01277924, 24.92043, 1, 6037912000]')
2024-07-29 19:47:14,229 __main__ INFO: Unknown: bytearray(b'[3, 0.001907349, 25.18411, 1, 6044360000]')
2024-07-29 19:47:14,244 __main__ INFO: Unknown: bytearray(b'[0, 0.01192093, 24.87179, 1, 6067894000]')
2024-07-29 19:47:14,251 __main__ INFO: Unknown: bytearray(b'[3, 0.001621246, 25.16361, 1, 6076508000]')
2024-07-29 19:47:14,285 __main__ INFO: Unknown: bytearray(b'[0, 0.0128746, 24.86749, 1, 6098021000]')
2024-07-29 19:47:14,348 __main__ INFO: Unknown: bytearray(b'[3, 0.001335144, 25.1474, 1, 6104483000]')
2024-07-29 19:47:14,371 __main__ INFO: Unknown: bytearray(b'[0, 0.01316071, 24.89516, 1, 6127908000]')
2024-07-29 19:47:14,378 __main__ INFO: Unknown: bytearray(b'[3, 0.0009536743, 25.1555, 1, 6134349000]')
2024-07-29 19:47:14,378 __main__ INFO: Unknown: bytearray(b'[0, 0.01344681, 24.93712, 1, 6157801000]')
2024-07-29 19:47:14,394 __main__ INFO: Unknown: bytearray(b'[3, 0.0008583069, 25.16171, 1, 6164251000]')
2024-07-29 19:47:14,394 __main__ INFO: Unknown: bytearray(b'[0, 0.01440048, 24.91184, 1, 6187887000]')
2024-07-29 19:47:14,394 __main__ INFO: Unknown: bytearray(b'[3, 0.002193451, 25.17601, 1, 6194317000]')
2024-07-29 19:47:14,410 __main__ INFO: Unknown: bytearray(b'[0, 0.01354218, 24.93712, 1, 6218016000]')
2024-07-29 19:47:14,425 __main__ INFO: Unknown: bytearray(b'[3, 0.001430511, 25.16552, 1, 6224482000]')
2024-07-29 19:47:14,425 __main__ INFO: Unknown: bytearray(b'[0, 0.01211166, 24.93092, 1, 6247776000]')
2024-07-29 19:47:14,441 __main__ INFO: Unknown: bytearray(b'[3, 0.002288818, 25.21034, 1, 6254332000]')
2024-07-29 19:47:14,470 __main__ INFO: Unknown: bytearray(b'[0, 0.0125885, 24.92662, 1, 6277921000]')
2024-07-29 19:47:14,477 __main__ INFO: Unknown: bytearray(b'[3, 0.001430511, 25.16552, 1, 6284342000]')
2024-07-29 19:47:14,485 __main__ INFO: Unknown: bytearray(b'[0, 0.01182556, 24.9519, 1, 6307899000]')
2024-07-29 19:47:14,491 __main__ INFO: Unknown: bytearray(b'[3, 0.001430511, 25.17363, 1, 6314332000]')
2024-07-29 19:47:14,532 __main__ INFO: Unknown: bytearray(b'[0, 0.01564026, 24.92853, 1, 6338020000]')
2024-07-29 19:47:14,551 __main__ INFO: Unknown: bytearray(b'[3, 0.001239777, 25.16552, 1, 6344497000]')
2024-07-29 19:47:14,563 __main__ INFO: Unknown: bytearray(b'[0, 0.01115799, 24.93282, 1, 6367890000]')
2024-07-29 19:47:14,563 __main__ INFO: Unknown: bytearray(b'[3, 0.001525879, 25.18173, 1, 6374341000]')
2024-07-29 19:47:14,579 __main__ INFO: Unknown: bytearray(b'[0, 0.01449585, 24.89706, 1, 6397836000]')
2024-07-29 19:47:14,594 __main__ INFO: Unknown: bytearray(b'[3, 0.0007629395, 25.18602, 1, 6404334000]')
2024-07-29 19:47:14,594 __main__ INFO: Unknown: bytearray(b'[0, 0.0125885, 24.89086, 1, 6427879000]')
2024-07-29 19:47:14,594 __main__ INFO: Unknown: bytearray(b'[3, 0.002002716, 25.17363, 1, 6436522000]')
2024-07-29 19:47:14,641 __main__ INFO: Unknown: bytearray(b'[0, 0.01335144, 24.9395, 1, 6458026000]')
2024-07-29 19:47:14,675 __main__ INFO: Unknown: bytearray(b'[3, 0.0004768372, 25.18983, 1, 6464488000]')
2024-07-29 19:47:14,683 __main__ INFO: Unknown: bytearray(b'[0, 0.01144409, 24.91375, 1, 6487777000]')
2024-07-29 19:47:14,708 __main__ INFO: Unknown: bytearray(b'[3, 0.001621246, 25.1474, 1, 6494213000]')
2024-07-29 19:47:14,717 __main__ INFO: Unknown: bytearray(b'[0, 0.01268387, 24.91184, 1, 6517891000]')
2024-07-29 19:47:14,724 __main__ INFO: Unknown: bytearray(b'[3, 0.001525879, 25.20033, 1, 6524444000]')
2024-07-29 19:47:14,724 __main__ INFO: Unknown: bytearray(b'[0, 0.01306534, 24.91614, 1, 6547900000]')
2024-07-29 19:47:14,732 __main__ INFO: Unknown: bytearray(b'[3, 0.001811981, 25.1474, 1, 6554338000]')
2024-07-29 19:47:14,766 __main__ INFO: Unknown: bytearray(b'[0, 0.01296997, 24.91184, 1, 6578025000]')
2024-07-29 19:47:14,774 __main__ INFO: Unknown: bytearray(b'[3, 0.002002716, 25.16552, 1, 6584493000]')
2024-07-29 19:47:14,782 __main__ INFO: Unknown: bytearray(b'[0, 0.01106262, 24.88847, 1, 6607892000]')
2024-07-29 19:47:14,791 __main__ INFO: Unknown: bytearray(b'[3, 0.002193451, 25.16171, 1, 6614325000]')
2024-07-29 19:47:14,832 __main__ INFO: Unknown: bytearray(b'[0, 0.01306534, 24.89897, 1, 6637837000]')
2024-07-29 19:47:14,832 __main__ INFO: Unknown: bytearray(b'[3, 0.002098083, 25.16552, 1, 6644323000]')
2024-07-29 19:47:14,841 __main__ INFO: Unknown: bytearray(b'[0, 0.01344681, 24.90564, 1, 6667878000]')
2024-07-29 19:47:14,849 __main__ INFO: Unknown: bytearray(b'[3, 0.001049042, 25.16361, 1, 6674329000]')
2024-07-29 19:47:14,892 __main__ INFO: Unknown: bytearray(b'[0, 0.01478195, 24.87799, 1, 6698019000]')
2024-07-29 19:47:14,894 __main__ INFO: Unknown: bytearray(b'[3, 0.001430511, 25.18173, 1, 6704490000]')
2024-07-29 19:47:14,902 __main__ INFO: Unknown: bytearray(b'[0, 0.01173019, 24.90135, 1, 6727777000]')
2024-07-29 19:47:14,908 __main__ INFO: Unknown: bytearray(b'[3, 0.001335144, 25.17601, 1, 6734203000]')
2024-07-29 19:47:14,953 __main__ INFO: Unknown: bytearray(b'[0, 0.01296997, 24.87179, 1, 6757920000]')
2024-07-29 19:47:14,975 __main__ INFO: Unknown: bytearray(b'[3, 0.001049042, 25.18793, 1, 6764383000]')
2024-07-29 19:47:14,983 __main__ INFO: Unknown: bytearray(b'[0, 0.01325607, 24.90993, 1, 6787896000]')
2024-07-29 19:47:14,983 __main__ INFO: Unknown: bytearray(b'[3, 0.001811981, 25.15741, 1, 6796266000]')
2024-07-29 19:47:15,008 __main__ INFO: Unknown: bytearray(b'[0, 0.01468658, 24.86749, 1, 6818026000]')
2024-07-29 19:47:15,015 __main__ INFO: Unknown: bytearray(b'[3, 0.001621246, 25.18793, 1, 6824505000]')
2024-07-29 19:47:15,025 __main__ INFO: Unknown: bytearray(b'[0, 0.0123024, 24.85271, 1, 6847901000]')
2024-07-29 19:47:15,025 __main__ INFO: Unknown: bytearray(b'[3, 0.001335144, 25.18173, 1, 6854328000]')
2024-07-29 19:47:15,066 __main__ INFO: Unknown: bytearray(b'[0, 0.01335144, 24.85033, 1, 6877849000]')
2024-07-29 19:47:15,092 __main__ INFO: Unknown: bytearray(b'[3, 0.001525879, 25.19794, 1, 6884328000]')
2024-07-29 19:47:15,092 __main__ INFO: Unknown: bytearray(b'[0, 0.01220703, 24.90135, 1, 6907886000]')
2024-07-29 19:47:15,106 __main__ INFO: Unknown: bytearray(b'[3, 0.002098083, 25.1412, 1, 6914301000]')
2024-07-29 19:47:15,121 __main__ INFO: Unknown: bytearray(b'[0, 0.01211166, 24.90993, 1, 6938028000]')
2024-07-29 19:47:15,135 __main__ INFO: Unknown: bytearray(b'[3, 0.001907349, 25.15169, 1, 6944490000]')
2024-07-29 19:47:15,144 __main__ INFO: Unknown: bytearray(b'[0, 0.01182556, 24.85892, 1, 6967783000]')
2024-07-29 19:47:15,144 __main__ INFO: Unknown: bytearray(b'[3, 0.002384186, 25.14359, 1, 6974237000]')
2024-07-29 19:47:15,192 __main__ INFO: Unknown: bytearray(b'[0, 0.0123024, 24.87799, 1, 6997916000]')
2024-07-29 19:47:15,216 __main__ INFO: Unknown: bytearray(b'[3, 0.002098083, 25.18411, 1, 7004359000]')
2024-07-29 19:47:15,216 __main__ INFO: Unknown: bytearray(b'[0, 0.01296997, 24.90564, 1, 7027895000]')
2024-07-29 19:47:15,216 __main__ INFO: Unknown: bytearray(b'[3, 0.002193451, 25.16982, 1, 7034350000]')
2024-07-29 19:47:15,248 __main__ INFO: Unknown: bytearray(b'[0, 0.01268387, 24.93521, 1, 7058011000]')
2024-07-29 19:47:15,248 __main__ INFO: Unknown: bytearray(b'[3, 0.001811981, 25.16791, 1, 7064488000]')
2024-07-29 19:47:15,263 __main__ INFO: Unknown: bytearray(b'[0, 0.01106262, 24.89516, 1, 7087917000]')
2024-07-29 19:47:15,263 __main__ INFO: Unknown: bytearray(b'[3, 0.001335144, 25.18411, 1, 7094353000]')
2024-07-29 19:47:15,310 __main__ INFO: Unknown: bytearray(b'[0, 0.01144409, 24.87608, 1, 7117847000]')
2024-07-29 19:47:15,334 __main__ INFO: Unknown: bytearray(b'[3, 0.001621246, 25.15741, 1, 7124302000]')
2024-07-29 19:47:15,342 __main__ INFO: Unknown: bytearray(b'[0, 0.01401901, 24.92853, 1, 7147884000]')
2024-07-29 19:47:15,342 __main__ INFO: Unknown: bytearray(b'[3, 0.001239777, 25.16982, 1, 7156394000]')
2024-07-29 19:47:15,358 __main__ INFO: Unknown: bytearray(b'[0, 0.0120163, 24.89516, 1, 7178030000]')
2024-07-29 19:47:15,380 __main__ INFO: Unknown: bytearray(b'[3, 0.001430511, 25.15169, 1, 7184490000]')
2024-07-29 19:47:15,382 __main__ INFO: Unknown: bytearray(b'[0, 0.01182556, 24.92043, 1, 7207781000]')
2024-07-29 19:47:15,392 __main__ INFO: Unknown: bytearray(b'[3, 0.001335144, 25.17363, 1, 7214216000]')
2024-07-29 19:47:15,431 __main__ INFO: Unknown: bytearray(b'[0, 0.01192093, 24.85462, 1, 7237928000]')
2024-07-29 19:47:15,439 __main__ INFO: Unknown: bytearray(b'[3, 0.001621246, 25.18602, 1, 7244385000]')
2024-07-29 19:47:15,439 __main__ INFO: Unknown: bytearray(b'[0, 0.01306534, 24.9395, 1, 7267901000]')
2024-07-29 19:47:15,447 __main__ INFO: Unknown: bytearray(b'[3, 0.002002716, 25.19604, 1, 7274422000]')
2024-07-29 19:47:15,479 __main__ INFO: Unknown: bytearray(b'[0, 0.01239777, 24.89086, 1, 7298014000]')
2024-07-29 19:47:15,544 __main__ INFO: Unknown: bytearray(b'[3, 0.0004768372, 25.16361, 1, 7304501000]')
2024-07-29 19:47:15,575 __main__ INFO: Unknown: bytearray(b'[0, 0.01277924, 24.88657, 1, 7327888000]')
2024-07-29 19:47:15,575 __main__ INFO: Unknown: bytearray(b'[3, 0.002002716, 25.15359, 1, 7334341000]')
2024-07-29 19:47:15,575 __main__ INFO: Unknown: bytearray(b'[0, 0.01382828, 24.88847, 1, 7357793000]')
2024-07-29 19:47:15,591 __main__ INFO: Unknown: bytearray(b'[3, 0.002670288, 25.17363, 1, 7364259000]')
2024-07-29 19:47:15,591 __main__ INFO: Unknown: bytearray(b'[0, 0.01249313, 24.90135, 1, 7387881000]')
2024-07-29 19:47:15,591 __main__ INFO: Unknown: bytearray(b'[3, 0.001239777, 25.18793, 1, 7394304000]')
2024-07-29 19:47:15,607 __main__ INFO: Unknown: bytearray(b'[0, 0.0128746, 24.93712, 1, 7418016000]')
2024-07-29 19:47:15,607 __main__ INFO: Unknown: bytearray(b'[3, 0.002384186, 25.20415, 1, 7424478000]')
2024-07-29 19:47:15,622 __main__ INFO: Unknown: bytearray(b'[0, 0.01068115, 24.89897, 1, 7447776000]')
2024-07-29 19:47:15,638 __main__ INFO: Unknown: bytearray(b'[3, 0.000667572, 25.18602, 1, 7454220000]')
2024-07-29 19:47:15,669 __main__ INFO: Unknown: bytearray(b'[0, 0.01125336, 24.90755, 1, 7477910000]')
2024-07-29 19:47:15,669 __main__ INFO: Unknown: bytearray(b'[3, 0.002002716, 25.20224, 1, 7484357000]')
2024-07-29 19:47:15,669 __main__ INFO: Unknown: bytearray(b'[0, 0.01344681, 24.94331, 1, 7507891000]')
2024-07-29 19:47:15,685 __main__ INFO: Unknown: bytearray(b'[3, 0.002384186, 25.16361, 1, 7516403000]')
2024-07-29 19:47:15,732 __main__ INFO: Unknown: bytearray(b'[0, 0.01249313, 24.91614, 1, 7538023000]')
2024-07-29 19:47:15,752 __main__ INFO: Unknown: bytearray(b'[3, 0.001811981, 25.18983, 1, 7544482000]')
2024-07-29 19:47:15,764 __main__ INFO: Unknown: bytearray(b'[0, 0.01096725, 24.91375, 1, 7567905000]')
2024-07-29 19:47:15,764 __main__ INFO: Unknown: bytearray(b'[3, 0.0009536743, 25.20224, 1, 7574355000]')
2024-07-29 19:47:15,780 __main__ INFO: Unknown: bytearray(b'[0, 0.01296997, 24.83984, 1, 7597847000]')
2024-07-29 19:47:15,796 __main__ INFO: Unknown: bytearray(b'[3, 0.001621246, 25.17363, 1, 7604338000]')
2024-07-29 19:47:15,796 __main__ INFO: Unknown: bytearray(b'[0, 0.01125336, 24.89277, 1, 7627890000]')
2024-07-29 19:47:15,796 __main__ INFO: Unknown: bytearray(b'[3, 0.001144409, 25.17601, 1, 7634343000]')
2024-07-29 19:47:15,846 __main__ INFO: Unknown: bytearray(b'[0, 0.01211166, 24.90564, 1, 7658025000]')
2024-07-29 19:47:15,859 __main__ INFO: Unknown: bytearray(b'[3, 0.002098083, 25.18983, 1, 7664492000]')
2024-07-29 19:47:15,859 __main__ INFO: Unknown: bytearray(b'[0, 0.01192093, 24.93712, 1, 7687784000]')
2024-07-29 19:47:15,859 __main__ INFO: Unknown: bytearray(b'[3, 0.001335144, 25.19794, 1, 7694228000]')
2024-07-29 19:47:15,906 __main__ INFO: Unknown: bytearray(b'[0, 0.01296997, 24.87799, 1, 7717924000]')
2024-07-29 19:47:15,937 __main__ INFO: Unknown: bytearray(b'[3, 0.001525879, 25.18983, 1, 7724385000]')
2024-07-29 19:47:15,945 __main__ INFO: Unknown: bytearray(b'[0, 0.01325607, 24.87179, 1, 7747895000]')
2024-07-29 19:47:15,970 __main__ INFO: Unknown: bytearray(b'[3, 0.002098083, 25.17792, 1, 7754341000]')
2024-07-29 19:47:15,978 __main__ INFO: Unknown: bytearray(b'[0, 0.0128746, 24.93282, 1, 7777963000]')
2024-07-29 19:47:15,978 __main__ INFO: Unknown: bytearray(b'[3, 0.001525879, 25.15359, 1, 7784497000]')
2024-07-29 19:47:15,986 __main__ INFO: Unknown: bytearray(b'[0, 0.0128746, 24.89897, 1, 7807887000]')
2024-07-29 19:47:15,993 __main__ INFO: Unknown: bytearray(b'[3, 0.0005722046, 25.19604, 1, 7814326000]')
2024-07-29 19:47:16,018 __main__ INFO: Unknown: bytearray(b'[0, 0.01344681, 24.90135, 1, 7837837000]')
2024-07-29 19:47:16,033 __main__ INFO: Unknown: bytearray(b'[3, 0.001049042, 25.16552, 1, 7844297000]')
2024-07-29 19:47:16,033 __main__ INFO: Unknown: bytearray(b'[0, 0.01268387, 24.90755, 1, 7867884000]')
2024-07-29 19:47:16,049 __main__ INFO: Unknown: bytearray(b'[3, 0.001049042, 25.17172, 1, 7876141000]')
2024-07-29 19:47:16,087 __main__ INFO: Unknown: bytearray(b'[0, 0.01363754, 24.90135, 1, 7898032000]')
2024-07-29 19:47:16,118 __main__ INFO: Unknown: bytearray(b'[3, 0.001621246, 25.14931, 1, 7904478000]')
2024-07-29 19:47:16,118 __main__ INFO: Unknown: bytearray(b'[0, 0.0120163, 24.89706, 1, 7927784000]')
2024-07-29 19:47:16,118 __main__ INFO: Unknown: bytearray(b'[3, 0.001335144, 25.17172, 1, 7934218000]')
2024-07-29 19:47:16,150 __main__ INFO: Unknown: bytearray(b'[0, 0.01277924, 24.90326, 1, 7957932000]')
2024-07-29 19:47:16,150 __main__ INFO: Unknown: bytearray(b'[3, 0.002765656, 25.16361, 1, 7964387000]')
2024-07-29 19:47:16,150 __main__ INFO: Unknown: bytearray(b'[0, 0.0128746, 24.89086, 1, 7987896000]')
2024-07-29 19:47:16,168 __main__ INFO: Unknown: bytearray(b'[3, 0.002765656, 25.18411, 1, 7994321000]')
2024-07-29 19:47:16,213 __main__ INFO: Unknown: bytearray(b'[0, 0.01344681, 24.91375, 1, 8018014000]')
2024-07-29 19:47:16,262 __main__ INFO: Unknown: bytearray(b'[3, 0.002002716, 25.15741, 1, 8024491000]')
2024-07-29 19:47:16,296 __main__ INFO: Unknown: bytearray(b'[0, 0.01077652, 24.90135, 1, 8047890000]')
2024-07-29 19:47:16,296 __main__ INFO: Unknown: bytearray(b'[3, 0.001716614, 25.16791, 1, 8054328000]')
2024-07-29 19:47:16,296 __main__ INFO: Unknown: bytearray(b'[0, 0.01211166, 24.92233, 1, 8078057000]')
2024-07-29 19:47:16,312 __main__ INFO: Unknown: bytearray(b'[3, 0.002193451, 25.1474, 1, 8084476000]')
2024-07-29 19:47:16,312 __main__ INFO: Unknown: bytearray(b'[0, 0.0128746, 24.88037, 1, 8107890000]')
2024-07-29 19:47:16,327 __main__ INFO: Unknown: bytearray(b'[3, 0.001430511, 25.1393, 1, 8114309000]')
2024-07-29 19:47:16,390 __main__ INFO: Unknown: bytearray(b'[0, 0.01125336, 24.89706, 1, 8138032000]')
2024-07-29 19:47:16,411 __main__ INFO: Unknown: bytearray(b'[3, 0.001907349, 25.15169, 1, 8144485000]')
2024-07-29 19:47:16,421 __main__ INFO: Unknown: bytearray(b'[0, 0.01382828, 24.91184, 1, 8167774000]')
2024-07-29 19:47:16,421 __main__ INFO: Unknown: bytearray(b'[3, 0.001239777, 25.14931, 1, 8174221000]')
2024-07-29 19:47:16,421 __main__ INFO: Unknown: bytearray(b'[0, 0.0128746, 24.93521, 1, 8197886000]')
2024-07-29 19:47:16,437 __main__ INFO: Unknown: bytearray(b'[3, 0.001621246, 25.18173, 1, 8204286000]')
2024-07-29 19:47:16,437 __main__ INFO: Unknown: bytearray(b'[0, 0.009822845, 24.89516, 1, 8227901000]')
2024-07-29 19:47:16,437 __main__ INFO: Unknown: bytearray(b'[3, 0.001239777, 25.18411, 1, 8236366000]')
2024-07-29 19:47:16,452 __main__ INFO: Unknown: bytearray(b'[0, 0.01220703, 24.89706, 1, 8258029000]')
2024-07-29 19:47:16,452 __main__ INFO: Unknown: bytearray(b'[3, 0.001811981, 25.16982, 1, 8264476000]')
2024-07-29 19:47:16,468 __main__ INFO: Unknown: bytearray(b'[0, 0.01220703, 24.90135, 1, 8287902000]')
2024-07-29 19:47:16,468 __main__ INFO: Unknown: bytearray(b'[3, 0.001430511, 25.20033, 1, 8294393000]')
2024-07-29 19:47:16,499 __main__ INFO: Unknown: bytearray(b'[0, 0.01192093, 24.9581, 1, 8317859000]')
2024-07-29 19:47:16,532 __main__ INFO: Unknown: bytearray(b'[3, 0.001430511, 25.19604, 1, 8324345000]')
2024-07-29 19:47:16,532 __main__ INFO: Unknown: bytearray(b'[0, 0.01106262, 24.91184, 1, 8347891000]')
2024-07-29 19:47:16,546 __main__ INFO: Unknown: bytearray(b'[3, 0.0002861023, 25.17172, 1, 8354316000]')
2024-07-29 19:47:16,562 __main__ INFO: Unknown: bytearray(b'[0, 0.01077652, 24.88228, 1, 8378024000]')
2024-07-29 19:47:16,578 __main__ INFO: Unknown: bytearray(b'[3, 0.001239777, 25.19413, 1, 8384495000]')
2024-07-29 19:47:16,578 __main__ INFO: Unknown: bytearray(b'[0, 0.01134872, 24.88419, 1, 8407778000]')
2024-07-29 19:47:16,578 __main__ INFO: Unknown: bytearray(b'[3, 0.002098083, 25.16552, 1, 8414223000]')
2024-07-29 19:47:16,625 __main__ INFO: Unknown: bytearray(b'[0, 0.01220703, 24.88419, 1, 8437922000]')
2024-07-29 19:47:16,657 __main__ INFO: Unknown: bytearray(b'[3, 0.001811981, 25.16982, 1, 8444358000]')
2024-07-29 19:47:16,665 __main__ INFO: Unknown: bytearray(b'[0, 0.01306534, 24.85701, 1, 8467897000]')
2024-07-29 19:47:16,668 __main__ INFO: Unknown: bytearray(b'[3, 0.001907349, 25.14549, 1, 8474334000]')
2024-07-29 19:47:16,689 __main__ INFO: Unknown: bytearray(b'[0, 0.01363754, 24.89277, 1, 8498021000]')
2024-07-29 19:47:16,689 __main__ INFO: Unknown: bytearray(b'[3, 0.002288818, 25.16791, 1, 8504502000]')
2024-07-29 19:47:16,689 __main__ INFO: Unknown: bytearray(b'[0, 0.01192093, 24.91375, 1, 8527887000]')
2024-07-29 19:47:16,704 __main__ INFO: Unknown: bytearray(b'[3, 0.001525879, 25.18793, 1, 8534334000]')
2024-07-29 19:47:16,799 __main__ INFO: Unknown: bytearray(b'[0, 0.01306534, 24.91805, 1, 8557841000]')
2024-07-29 19:47:16,832 __main__ INFO: Unknown: bytearray(b'[3, 0.001811981, 25.16361, 1, 8564304000]')
2024-07-29 19:47:16,832 __main__ INFO: Unknown: bytearray(b'[0, 0.01163483, 24.90326, 1, 8587891000]')
2024-07-29 19:47:16,847 __main__ INFO: Unknown: bytearray(b'[3, 0.0009536743, 25.16361, 1, 8596409000]')
2024-07-29 19:47:16,847 __main__ INFO: Unknown: bytearray(b'[0, 0.01344681, 24.89277, 1, 8617964000]')
2024-07-29 19:47:16,847 __main__ INFO: Unknown: bytearray(b'[3, 0.001525879, 25.17601, 1, 8624419000]')
2024-07-29 19:47:16,864 __main__ INFO: Unknown: bytearray(b'[0, 0.01306534, 24.8737, 1, 8647792000]')
2024-07-29 19:47:16,864 __main__ INFO: Unknown: bytearray(b'[3, 0.001239777, 25.18602, 1, 8654239000]')
2024-07-29 19:47:16,878 __main__ INFO: Unknown: bytearray(b'[0, 0.01115799, 24.89086, 1, 8677931000]')
2024-07-29 19:47:16,880 __main__ INFO: Unknown: bytearray(b'[3, 0.0009536743, 25.1598, 1, 8684399000]')
2024-07-29 19:47:16,880 __main__ INFO: Unknown: bytearray(b'[0, 0.01249313, 24.90993, 1, 8707900000]')
2024-07-29 19:47:16,895 __main__ INFO: Unknown: bytearray(b'[3, 0.002002716, 25.15169, 1, 8714347000]')
2024-07-29 19:47:16,928 __main__ INFO: Unknown: bytearray(b'[0, 0.0123024, 24.88847, 1, 8738018000]')
2024-07-29 19:47:16,963 __main__ INFO: Unknown: bytearray(b'[3, 0.0009536743, 25.18983, 1, 8744493000]')
2024-07-29 19:47:16,969 __main__ INFO: Unknown: bytearray(b'[0, 0.0128746, 24.88847, 1, 8767894000]')
2024-07-29 19:47:16,978 __main__ INFO: Unknown: bytearray(b'[3, 0.001525879, 25.18411, 1, 8774330000]')
2024-07-29 19:47:16,985 __main__ INFO: Unknown: bytearray(b'[0, 0.01392365, 24.84651, 1, 8797847000]')
2024-07-29 19:47:16,994 __main__ INFO: Unknown: bytearray(b'[3, 0.001239777, 25.19413, 1, 8804317000]')
2024-07-29 19:47:16,994 __main__ INFO: Unknown: bytearray(b'[0, 0.01382828, 24.89706, 1, 8827885000]')
2024-07-29 19:47:17,009 __main__ INFO: Unknown: bytearray(b'[3, 0.002193451, 25.15359, 1, 8834342000]')
2024-07-29 19:47:17,041 __main__ INFO: Unknown: bytearray(b'[0, 0.01344681, 24.90326, 1, 8858017000]')
2024-07-29 19:47:17,072 __main__ INFO: Unknown: bytearray(b'[3, 0.001430511, 25.18793, 1, 8864480000]')
2024-07-29 19:47:17,072 __main__ INFO: Unknown: bytearray(b'[0, 0.01173019, 24.84222, 1, 8887782000]')
2024-07-29 19:47:17,087 __main__ INFO: Unknown: bytearray(b'[3, 0.002098083, 25.14359, 1, 8894210000]')
2024-07-29 19:47:17,103 __main__ INFO: Unknown: bytearray(b'[0, 0.01363754, 24.96048, 1, 8917915000]')
2024-07-29 19:47:17,119 __main__ INFO: Unknown: bytearray(b'[3, 0.001335144, 25.18173, 1, 8924366000]')
2024-07-29 19:47:17,119 __main__ INFO: Unknown: bytearray(b'[0, 0.01239777, 24.92233, 1, 8947904000]')
2024-07-29 19:47:17,119 __main__ INFO: Unknown: bytearray(b'[3, 0.0003814697, 25.14549, 1, 8956423000]')
2024-07-29 19:47:17,168 __main__ INFO: Unknown: bytearray(b'[0, 0.01316071, 24.91375, 1, 8978028000]')
2024-07-29 19:47:17,197 __main__ INFO: Unknown: bytearray(b'[3, 0.002193451, 25.16982, 1, 8984494000]')
2024-07-29 19:47:17,197 __main__ INFO: Unknown: bytearray(b'[0, 0.01335144, 24.87799, 1, 9007897000]')
2024-07-29 19:47:17,197 __main__ INFO: Unknown: bytearray(b'[3, 0.001811981, 25.13548, 1, 9014334000]')
2024-07-29 19:47:17,229 __main__ INFO: Unknown: bytearray(b'[0, 0.01220703, 24.92662, 1, 9037854000]')
2024-07-29 19:47:17,229 __main__ INFO: Unknown: bytearray(b'[3, 0.001907349, 25.1412, 1, 9044312000]')
2024-07-29 19:47:17,229 __main__ INFO: Unknown: bytearray(b'[0, 0.01335144, 24.98146, 1, 9067895000]')
2024-07-29 19:47:17,244 __main__ INFO: Unknown: bytearray(b'[3, 0.002098083, 25.16361, 1, 9074375000]')
2024-07-29 19:47:17,291 __main__ INFO: Unknown: bytearray(b'[0, 0.01163483, 24.93521, 1, 9098021000]')
2024-07-29 19:47:17,312 __main__ INFO: Unknown: bytearray(b'[3, 0.001144409, 25.20605, 1, 9104474000]')
2024-07-29 19:47:17,323 __main__ INFO: Unknown: bytearray(b'[0, 0.01211166, 24.91805, 1, 9127733000]')
2024-07-29 19:47:17,323 __main__ INFO: Unknown: bytearray(b'[3, 0.001525879, 25.18411, 1, 9134240000]')
2024-07-29 19:47:17,339 __main__ INFO: Unknown: bytearray(b'[0, 0.01335144, 24.95428, 1, 9157921000]')
2024-07-29 19:47:17,354 __main__ INFO: Unknown: bytearray(b'[3, 0.001239777, 25.16171, 1, 9164362000]')
2024-07-29 19:47:17,354 __main__ INFO: Unknown: bytearray(b'[0, 0.01220703, 24.90326, 1, 9187848000]')
2024-07-29 19:47:17,354 __main__ INFO: Unknown: bytearray(b'[3, 0.001907349, 25.16552, 1, 9194362000]')
2024-07-29 19:47:17,401 __main__ INFO: Unknown: bytearray(b'[0, 0.01335144, 24.85462, 1, 9218021000]')
2024-07-29 19:47:17,433 __main__ INFO: Unknown: bytearray(b'[3, 0.0009536743, 25.18793, 1, 9224463000]')
2024-07-29 19:47:17,433 __main__ INFO: Unknown: bytearray(b'[0, 0.01268387, 24.89897, 1, 9247839000]')
2024-07-29 19:47:17,448 __main__ INFO: Unknown: bytearray(b'[3, 0.002288818, 25.17601, 1, 9254298000]')
2024-07-29 19:47:17,464 __main__ INFO: Unknown: bytearray(b'[0, 0.01192093, 24.87799, 1, 9277837000]')
2024-07-29 19:47:17,479 __main__ INFO: Unknown: bytearray(b'[3, 0.001716614, 25.1598, 1, 9284321000]')
2024-07-29 19:47:17,479 __main__ INFO: Unknown: bytearray(b'[0, 0.01373291, 24.90755, 1, 9307843000]')
2024-07-29 19:47:17,479 __main__ INFO: Unknown: bytearray(b'[3, 0.001716614, 25.17363, 1, 9316676000]')
2024-07-29 19:47:17,526 __main__ INFO: Unknown: bytearray(b'[0, 0.01239777, 24.88037, 1, 9338034000]')
2024-07-29 19:47:17,558 __main__ INFO: Unknown: bytearray(b'[3, 0.001621246, 25.16171, 1, 9344505000]')
2024-07-29 19:47:17,558 __main__ INFO: Unknown: bytearray(b'[0, 0.0123024, 24.93521, 1, 9367734000]')
2024-07-29 19:47:17,558 __main__ INFO: Unknown: bytearray(b'[3, 0.001239777, 25.1598, 1, 9374246000]')
2024-07-29 19:47:17,589 __main__ INFO: Unknown: bytearray(b'[0, 0.01354218, 24.88037, 1, 9397933000]')
2024-07-29 19:47:17,589 __main__ INFO: Unknown: bytearray(b'[3, -9.536743e-05, 25.19413, 1, 9404379000]')
2024-07-29 19:47:17,589 __main__ INFO: Unknown: bytearray(b'[0, 0.01296997, 24.88657, 1, 9427846000]')
2024-07-29 19:47:17,605 __main__ INFO: Unknown: bytearray(b'[3, 0.001621246, 25.16982, 1, 9434309000]')
2024-07-29 19:47:17,652 __main__ INFO: Unknown: bytearray(b'[0, 0.01335144, 24.90564, 1, 9458024000]')
2024-07-29 19:47:17,672 __main__ INFO: Unknown: bytearray(b'[3, 0.001621246, 25.1412, 1, 9464478000]')
2024-07-29 19:47:17,684 __main__ INFO: Unknown: bytearray(b'[0, 0.01106262, 24.93092, 1, 9487859000]')
2024-07-29 19:47:17,684 __main__ INFO: Unknown: bytearray(b'[3, 0.002098083, 25.14931, 1, 9494368000]')
2024-07-29 19:47:17,699 __main__ INFO: Unknown: bytearray(b'[0, 0.0128746, 24.91614, 1, 9517843000]')
2024-07-29 19:47:17,718 __main__ INFO: Unknown: bytearray(b'[3, 0.001144409, 25.16552, 1, 9524296000]')
2024-07-29 19:47:17,718 __main__ INFO: Unknown: bytearray(b'[0, 0.01268387, 24.92853, 1, 9547838000]')
2024-07-29 19:47:17,731 __main__ INFO: Unknown: bytearray(b'[3, 0.001907349, 25.15359, 1, 9554382000]')
2024-07-29 19:47:17,762 __main__ INFO: Unknown: bytearray(b'[0, 0.01306534, 24.90993, 1, 9578020000]')
2024-07-29 19:47:17,796 __main__ INFO: Unknown: bytearray(b'[3, 0.002098083, 25.1555, 1, 9584485000]')
2024-07-29 19:47:17,796 __main__ INFO: Unknown: bytearray(b'[0, 0.01239777, 24.91614, 1, 9607725000]')
2024-07-29 19:47:17,796 __main__ INFO: Unknown: bytearray(b'[3, 0.001907349, 25.16791, 1, 9614271000]')
2024-07-29 19:47:17,827 __main__ INFO: Unknown: bytearray(b'[0, 0.01306534, 24.90564, 1, 9637917000]')
2024-07-29 19:47:17,827 __main__ INFO: Unknown: bytearray(b'[3, 0.001621246, 25.15169, 1, 9644367000]')
2024-07-29 19:47:17,843 __main__ INFO: Unknown: bytearray(b'[0, 0.01134872, 24.91184, 1, 9667841000]')
2024-07-29 19:47:17,843 __main__ INFO: Unknown: bytearray(b'[3, 0.001811981, 25.16552, 1, 9675783000]')
2024-07-29 19:47:17,890 __main__ INFO: Unknown: bytearray(b'[0, 0.01277924, 24.93712, 1, 9698031000]')
2024-07-29 19:47:17,911 __main__ INFO: Unknown: bytearray(b'[3, 0.000667572, 25.15359, 1, 9704499000]')
2024-07-29 19:47:17,921 __main__ INFO: Unknown: bytearray(b'[0, 0.01087189, 24.9519, 1, 9727852000]')
2024-07-29 19:47:17,921 __main__ INFO: Unknown: bytearray(b'[3, 0.001525879, 25.1474, 1, 9734389000]')
2024-07-29 19:47:17,952 __main__ INFO: Unknown: bytearray(b'[0, 0.0128746, 24.9519, 1, 9757852000]')
2024-07-29 19:47:17,952 __main__ INFO: Unknown: bytearray(b'[3, 0.001621246, 25.1412, 1, 9764340000]')
2024-07-29 19:47:17,952 __main__ INFO: Unknown: bytearray(b'[0, 0.01249313, 24.92471, 1, 9787847000]')
2024-07-29 19:47:17,968 __main__ INFO: Unknown: bytearray(b'[3, 0.001907349, 25.1598, 1, 9794363000]')
2024-07-29 19:47:17,999 __main__ INFO: Unknown: bytearray(b'[0, 0.01192093, 24.92233, 1, 9818026000]')
2024-07-29 19:47:18,062 __main__ INFO: Unknown: bytearray(b'[3, 0.002098083, 25.1412, 1, 9824488000]')
2024-07-29 19:47:18,092 __main__ INFO: Unknown: bytearray(b'[0, 0.0120163, 24.96239, 1, 9847734000]')
2024-07-29 19:47:18,103 __main__ INFO: Unknown: bytearray(b'[3, 0.002002716, 25.16552, 1, 9854262000]')
2024-07-29 19:47:18,103 __main__ INFO: Unknown: bytearray(b'[0, 0.01344681, 24.88847, 1, 9877943000]')
2024-07-29 19:47:18,103 __main__ INFO: Unknown: bytearray(b'[3, 0.001811981, 25.12928, 1, 9885411000]')
2024-07-29 19:47:18,119 __main__ INFO: Unknown: bytearray(b'[0, 0.01335144, 24.91805, 1, 9907841000]')
2024-07-29 19:47:18,119 __main__ INFO: Unknown: bytearray(b'[3, 0.0007629395, 25.16552, 1, 9914367000]')
2024-07-29 19:47:18,119 __main__ INFO: Unknown: bytearray(b'[0, 0.01163483, 24.90755, 1, 9938019000]')
2024-07-29 19:47:18,182 __main__ INFO: Unknown: bytearray(b'[3, 0.001716614, 25.14931, 1, 9944471000]')
2024-07-29 19:47:18,214 __main__ INFO: Unknown: bytearray(b'[0, 0.01173019, 24.92043, 1, 9967842000]')
2024-07-29 19:47:18,214 __main__ INFO: Unknown: bytearray(b'[3, 0.002384186, 25.18602, 1, 9974353000]')
2024-07-29 19:47:18,229 __main__ INFO: Unknown: bytearray(b'[0, 0.01306534, 24.88228, 1, 9997864000]')
2024-07-29 19:47:18,229 __main__ INFO: Unknown: bytearray(b'[3, 0.001239777, 25.16361, 1, 10005317000]')
2024-07-29 19:47:18,229 __main__ INFO: Unknown: bytearray(b'[0, 0.01173019, 24.88228, 1, 10030987000]')
2024-07-29 19:47:18,245 __main__ INFO: Unknown: bytearray(b'[3, 0.001049042, 25.18173, 1, 10037428000]')
2024-07-29 19:47:18,245 __main__ INFO: Unknown: bytearray(b'[0, 0.01211166, 24.88657, 1, 10058036000]')
2024-07-29 19:47:18,308 __main__ INFO: Unknown: bytearray(b'[3, 0.001144409, 25.16552, 1, 10064504000]')
2024-07-29 19:47:18,332 __main__ INFO: Unknown: bytearray(b'[0, 0.01277924, 24.83984, 1, 10087817000]')
2024-07-29 19:47:18,339 __main__ INFO: Unknown: bytearray(b'[3, 0.001525879, 25.1474, 1, 10094295000]')
2024-07-29 19:47:18,339 __main__ INFO: Unknown: bytearray(b'[0, 0.01306534, 24.92853, 1, 10117876000]')
2024-07-29 19:47:18,355 __main__ INFO: Unknown: bytearray(b'[3, 0.001049042, 25.17982, 1, 10124311000]')
2024-07-29 19:47:18,355 __main__ INFO: Unknown: bytearray(b'[0, 0.01220703, 24.84651, 1, 10147905000]')
2024-07-29 19:47:18,355 __main__ INFO: Unknown: bytearray(b'[3, 0.001525879, 25.16361, 1, 10154335000]')
2024-07-29 19:47:18,370 __main__ INFO: Unknown: bytearray(b'[0, 0.01239777, 24.92853, 1, 10178028000]')
2024-07-29 19:47:18,370 __main__ INFO: Unknown: bytearray(b'[3, 0.002098083, 25.15741, 1, 10184497000]')
2024-07-29 19:47:18,370 __main__ INFO: Unknown: bytearray(b'[0, 0.01106262, 24.93092, 1, 10207886000]')
2024-07-29 19:47:18,386 __main__ INFO: Unknown: bytearray(b'[3, 0.0005722046, 25.17363, 1, 10214312000]')
2024-07-29 19:47:18,433 __main__ INFO: Unknown: bytearray(b'[0, 0.01363754, 24.85033, 1, 10237844000]')
2024-07-29 19:47:18,452 __main__ INFO: Unknown: bytearray(b'[3, 0.001716614, 25.16791, 1, 10244303000]')
2024-07-29 19:47:18,464 __main__ INFO: Unknown: bytearray(b'[0, 0.01268387, 24.88037, 1, 10267885000]')
2024-07-29 19:47:18,464 __main__ INFO: Unknown: bytearray(b'[3, 0.001716614, 25.16552, 1, 10274337000]')
2024-07-29 19:47:18,542 __main__ INFO: Unknown: bytearray(b'[0, 0.01192093, 24.90135, 1, 10298022000]')
2024-07-29 19:47:18,575 __main__ INFO: Unknown: bytearray(b'[3, 0.001525879, 25.15741, 1, 10304476000]')
2024-07-29 19:47:18,575 __main__ INFO: Unknown: bytearray(b'[0, 0.01068115, 24.90326, 1, 10327774000]')
2024-07-29 19:47:18,575 __main__ INFO: Unknown: bytearray(b'[3, 0.002098083, 25.17172, 1, 10334284000]')
2024-07-29 19:47:18,591 __main__ INFO: Unknown: bytearray(b'[0, 0.01335144, 24.90755, 1, 10357893000]')
2024-07-29 19:47:18,591 __main__ INFO: Unknown: bytearray(b'[3, 0.002098083, 25.1393, 1, 10364329000]')
2024-07-29 19:47:18,606 __main__ INFO: Unknown: bytearray(b'[0, 0.01277924, 24.94141, 1, 10390769000]')
2024-07-29 19:47:18,606 __main__ INFO: Unknown: bytearray(b'[3, 0.001716614, 25.16171, 1, 10397262000]')
2024-07-29 19:47:18,606 __main__ INFO: Unknown: bytearray(b'[0, 0.0128746, 24.89897, 1, 10418024000]')
2024-07-29 19:47:18,622 __main__ INFO: Unknown: bytearray(b'[3, 0.001525879, 25.1474, 1, 10424489000]')
2024-07-29 19:47:18,622 __main__ INFO: Unknown: bytearray(b'[0, 0.01411438, 24.91805, 1, 10447900000]')
2024-07-29 19:47:18,622 __main__ INFO: Unknown: bytearray(b'[3, 0.001907349, 25.15169, 1, 10454343000]')
2024-07-29 19:47:18,669 __main__ INFO: Unknown: bytearray(b'[0, 0.01401901, 24.9476, 1, 10477865000]')
2024-07-29 19:47:18,691 __main__ INFO: Unknown: bytearray(b'[3, 0.001525879, 25.14931, 1, 10484305000]')
2024-07-29 19:47:18,701 __main__ INFO: Unknown: bytearray(b'[0, 0.01220703, 24.89897, 1, 10507891000]')
2024-07-29 19:47:18,701 __main__ INFO: Unknown: bytearray(b'[3, 0.0008583069, 25.16791, 1, 10514326000]')
2024-07-29 19:47:18,732 __main__ INFO: Unknown: bytearray(b'[0, 0.01153946, 24.91375, 1, 10538025000]')
2024-07-29 19:47:18,732 __main__ INFO: Unknown: bytearray(b'[3, 0.002384186, 25.16552, 1, 10544496000]')
2024-07-29 19:47:18,732 __main__ INFO: Unknown: bytearray(b'[0, 0.01192093, 24.91805, 1, 10567771000]')
2024-07-29 19:47:18,748 __main__ INFO: Unknown: bytearray(b'[3, 0.002384186, 25.16171, 1, 10574215000]')
2024-07-29 19:47:18,779 __main__ INFO: Unknown: bytearray(b'[0, 0.01478195, 24.90135, 1, 10597924000]')
2024-07-29 19:47:18,812 __main__ INFO: Unknown: bytearray(b'[3, 0.002574921, 25.16361, 1, 10604462000]')
2024-07-29 19:47:18,827 __main__ INFO: Unknown: bytearray(b'[0, 0.01163483, 24.92471, 1, 10627835000]')
2024-07-29 19:47:18,827 __main__ INFO: Unknown: bytearray(b'[3, 0.002765656, 25.17792, 1, 10634279000]')
2024-07-29 19:47:18,842 __main__ INFO: Unknown: bytearray(b'[0, 0.01182556, 24.94331, 1, 10658018000]')
2024-07-29 19:47:18,858 __main__ INFO: Unknown: bytearray(b'[3, 0.002288818, 25.16791, 1, 10664468000]')
2024-07-29 19:47:18,858 __main__ INFO: Unknown: bytearray(b'[0, 0.01430511, 24.89897, 1, 10687886000]')
2024-07-29 19:47:18,858 __main__ INFO: Unknown: bytearray(b'[3, 0.001335144, 25.1598, 1, 10694322000]')
2024-07-29 19:47:18,905 __main__ INFO: Unknown: bytearray(b'[0, 0.01306534, 24.90993, 1, 10717843000]')
2024-07-29 19:47:18,936 __main__ INFO: Unknown: bytearray(b'[3, 0.001716614, 25.16552, 1, 10724312000]')
2024-07-29 19:47:18,936 __main__ INFO: Unknown: bytearray(b'[0, 0.01153946, 24.89897, 1, 10749942000]')
2024-07-29 19:47:18,952 __main__ INFO: Unknown: bytearray(b'[3, 0.001621246, 25.15359, 1, 10756455000]')
2024-07-29 19:47:18,968 __main__ INFO: Unknown: bytearray(b'[0, 0.01363754, 24.88657, 1, 10778029000]')
2024-07-29 19:47:18,968 __main__ INFO: Unknown: bytearray(b'[3, 0.001525879, 25.17172, 1, 10784504000]')
2024-07-29 19:47:18,983 __main__ INFO: Unknown: bytearray(b'[0, 0.01497269, 24.85701, 1, 10807777000]')
2024-07-29 19:47:19,030 __main__ INFO: Unknown: bytearray(b'[3, 0.001811981, 25.16791, 1, 10814238000]')
2024-07-29 19:47:19,049 __main__ INFO: Unknown: bytearray(b'[0, 0.01335144, 24.88228, 1, 10837899000]')
2024-07-29 19:47:19,061 __main__ INFO: Unknown: bytearray(b'[3, 0.001335144, 25.15741, 1, 10844434000]')
2024-07-29 19:47:19,061 __main__ INFO: Unknown: bytearray(b'[0, 0.01220703, 24.90135, 1, 10867906000]')
2024-07-29 19:47:19,061 __main__ INFO: Unknown: bytearray(b'[3, 0.001811981, 25.16552, 1, 10874320000]')
2024-07-29 19:47:19,092 __main__ INFO: Unknown: bytearray(b'[0, 0.01296997, 24.9519, 1, 10898032000]')
2024-07-29 19:47:19,092 __main__ INFO: Unknown: bytearray(b'[3, 0.001525879, 25.17172, 1, 10904512000]')
2024-07-29 19:47:19,092 __main__ INFO: Unknown: bytearray(b'[0, 0.01211166, 24.92233, 1, 10927892000]')
2024-07-29 19:47:19,108 __main__ INFO: Unknown: bytearray(b'[3, 0.002098083, 25.18411, 1, 10934306000]')
2024-07-29 19:47:19,139 __main__ INFO: Unknown: bytearray(b'[0, 0.01211166, 24.92853, 1, 10957847000]')
2024-07-29 19:47:19,172 __main__ INFO: Unknown: bytearray(b'[3, 0.002479553, 25.18602, 1, 10964303000]')
2024-07-29 19:47:19,172 __main__ INFO: Unknown: bytearray(b'[0, 0.01182556, 24.87799, 1, 10987886000]')
2024-07-29 19:47:19,186 __main__ INFO: Unknown: bytearray(b'[3, 0.001239777, 25.1412, 1, 10994328000]')
2024-07-29 19:47:19,202 __main__ INFO: Unknown: bytearray(b'[0, 0.01220703, 24.89277, 1, 11018021000]')
2024-07-29 19:47:19,218 __main__ INFO: Unknown: bytearray(b'[3, 0.001716614, 25.17982, 1, 11024476000]')
2024-07-29 19:47:19,218 __main__ INFO: Unknown: bytearray(b'[0, 0.01392365, 24.87608, 1, 11047774000]')
2024-07-29 19:47:19,218 __main__ INFO: Unknown: bytearray(b'[3, 0.001430511, 25.15741, 1, 11054226000]')
2024-07-29 19:47:19,264 __main__ INFO: Unknown: bytearray(b'[0, 0.01220703, 24.89897, 1, 11078178000]')
2024-07-29 19:47:19,296 __main__ INFO: Unknown: bytearray(b'[3, 0.001525879, 25.15359, 1, 11084634000]')
2024-07-29 19:47:19,296 __main__ INFO: Unknown: bytearray(b'[0, 0.01010895, 24.89706, 1, 11109813000]')
2024-07-29 19:47:19,296 __main__ INFO: Unknown: bytearray(b'[3, 0.002765656, 25.18602, 1, 11116312000]')
2024-07-29 19:47:19,327 __main__ INFO: Unknown: bytearray(b'[0, 0.01411438, 24.94331, 1, 11138026000]')
2024-07-29 19:47:19,327 __main__ INFO: Unknown: bytearray(b'[3, 0.001525879, 25.19794, 1, 11144477000]')
2024-07-29 19:47:19,343 __main__ INFO: Unknown: bytearray(b'[0, 0.01392365, 24.92853, 1, 11167897000]')
2024-07-29 19:47:19,343 __main__ INFO: Unknown: bytearray(b'[3, 0.002479553, 25.18173, 1, 11174349000]')
2024-07-29 19:47:19,390 __main__ INFO: Unknown: bytearray(b'[0, 0.01192093, 24.90993, 1, 11197863000]')
2024-07-29 19:47:19,411 __main__ INFO: Unknown: bytearray(b'[3, 0.001430511, 25.15359, 1, 11204334000]')
2024-07-29 19:47:19,421 __main__ INFO: Unknown: bytearray(b'[0, 0.0125885, 24.89706, 1, 11227895000]')
2024-07-29 19:47:19,421 __main__ INFO: Unknown: bytearray(b'[3, 0.001716614, 25.20224, 1, 11234335000]')
2024-07-29 19:47:19,452 __main__ INFO: Unknown: bytearray(b'[0, 0.01144409, 24.94331, 1, 11258029000]')
2024-07-29 19:47:19,499 __main__ INFO: Unknown: bytearray(b'[3, 0.001907349, 25.18173, 1, 11264472000]')
2024-07-29 19:47:19,532 __main__ INFO: Unknown: bytearray(b'[0, 0.01144409, 24.92043, 1, 11287772000]')
2024-07-29 19:47:19,532 __main__ INFO: Unknown: bytearray(b'[3, 0.001811981, 25.18411, 1, 11294206000]')
2024-07-29 19:47:19,546 __main__ INFO: Unknown: bytearray(b'[0, 0.01325607, 24.94141, 1, 11317877000]')
2024-07-29 19:47:19,546 __main__ INFO: Unknown: bytearray(b'[3, 0.001621246, 25.18411, 1, 11324304000]')
2024-07-29 19:47:19,546 __main__ INFO: Unknown: bytearray(b'[0, 0.01306534, 24.96239, 1, 11347907000]')
2024-07-29 19:47:19,562 __main__ INFO: Unknown: bytearray(b'[3, 0.001621246, 25.1598, 1, 11354436000]')
2024-07-29 19:47:19,562 __main__ INFO: Unknown: bytearray(b'[0, 0.0125885, 24.94569, 1, 11378027000]')
2024-07-29 19:47:19,578 __main__ INFO: Unknown: bytearray(b'[3, 0.001049042, 25.18793, 1, 11384482000]')
2024-07-29 19:47:19,578 __main__ INFO: Unknown: bytearray(b'[0, 0.01115799, 24.92043, 1, 11407889000]')
2024-07-29 19:47:19,578 __main__ INFO: Unknown: bytearray(b'[3, 0.001907349, 25.17172, 1, 11414331000]')
2024-07-29 19:47:19,625 __main__ INFO: Unknown: bytearray(b'[0, 0.01564026, 24.91184, 1, 11437847000]')
2024-07-29 19:47:19,656 __main__ INFO: Unknown: bytearray(b'[3, 0.001621246, 25.16361, 1, 11444316000]')
2024-07-29 19:47:19,656 __main__ INFO: Unknown: bytearray(b'[0, 0.01440048, 24.87608, 1, 11470086000]')
2024-07-29 19:47:19,669 __main__ INFO: Unknown: bytearray(b'[3, 0.001430511, 25.16361, 1, 11476560000]')
2024-07-29 19:47:19,688 __main__ INFO: Unknown: bytearray(b'[0, 0.01401901, 24.89277, 1, 11498029000]')
2024-07-29 19:47:19,688 __main__ INFO: Unknown: bytearray(b'[3, 0.0009536743, 25.13739, 1, 11504491000]')
2024-07-29 19:47:19,703 __main__ INFO: Unknown: bytearray(b'[0, 0.01401901, 24.93282, 1, 11527777000]')
2024-07-29 19:47:19,703 __main__ INFO: Unknown: bytearray(b'[3, 0.001239777, 25.1555, 1, 11534204000]')
2024-07-29 19:47:19,750 __main__ INFO: Unknown: bytearray(b'[0, 0.01382828, 24.8737, 1, 11557943000]')
2024-07-29 19:47:19,771 __main__ INFO: Unknown: bytearray(b'[3, 0.001907349, 25.17172, 1, 11564405000]')
2024-07-29 19:47:19,781 __main__ INFO: Unknown: bytearray(b'[0, 0.01220703, 24.9476, 1, 11587903000]')
2024-07-29 19:47:19,781 __main__ INFO: Unknown: bytearray(b'[3, 0.001430511, 25.17363, 1, 11594326000]')
2024-07-29 19:47:19,813 __main__ INFO: Unknown: bytearray(b'[0, 0.01449585, 24.90326, 1, 11618032000]')
2024-07-29 19:47:19,831 __main__ INFO: Unknown: bytearray(b'[3, 0.001430511, 25.19413, 1, 11624505000]')
2024-07-29 19:47:19,831 __main__ INFO: Unknown: bytearray(b'[0, 0.01220703, 24.95619, 1, 11647892000]')
2024-07-29 19:47:19,844 __main__ INFO: Unknown: bytearray(b'[3, 0.001430511, 25.17982, 1, 11654313000]')
2024-07-29 19:47:19,859 __main__ INFO: Unknown: bytearray(b'[0, 0.0123024, 24.8737, 1, 11677851000]')
2024-07-29 19:47:19,877 __main__ INFO: Unknown: bytearray(b'[3, 0.002288818, 25.19604, 1, 11684311000]')
2024-07-29 19:47:19,877 __main__ INFO: Unknown: bytearray(b'[0, 0.01211166, 24.92471, 1, 11707885000]')
2024-07-29 19:47:19,891 __main__ INFO: Unknown: bytearray(b'[3, 0.001144409, 25.17792, 1, 11714308000]')
2024-07-29 19:47:19,924 __main__ INFO: Unknown: bytearray(b'[0, 0.01468658, 24.86749, 1, 11738022000]')
2024-07-29 19:47:19,938 __main__ INFO: Unknown: bytearray(b'[3, 0.001716614, 25.20033, 1, 11744492000]')
2024-07-29 19:47:19,938 __main__ INFO: Unknown: bytearray(b'[0, 0.01182556, 24.89706, 1, 11767776000]')
2024-07-29 19:47:19,938 __main__ INFO: Unknown: bytearray(b'[3, 0.002574921, 25.15741, 1, 11774220000]')
2024-07-29 19:47:19,985 __main__ INFO: Unknown: bytearray(b'[0, 0.0123024, 24.86749, 1, 11797917000]')
2024-07-29 19:47:20,016 __main__ INFO: Unknown: bytearray(b'[3, 0.001716614, 25.18793, 1, 11804373000]')
2024-07-29 19:47:20,016 __main__ INFO: Unknown: bytearray(b'[0, 0.01420975, 24.89086, 1, 11829950000]')
2024-07-29 19:47:20,016 __main__ INFO: Unknown: bytearray(b'[3, 0.001811981, 25.1393, 1, 11836452000]')
2024-07-29 19:47:20,048 __main__ INFO: Unknown: bytearray(b'[0, 0.01382828, 24.89897, 1, 11858025000]')
2024-07-29 19:47:20,103 __main__ INFO: Unknown: bytearray(b'[3, 0.001239777, 25.19604, 1, 11864505000]')
2024-07-29 19:47:20,135 __main__ INFO: Unknown: bytearray(b'[0, 0.0120163, 24.97717, 1, 11887899000]')
2024-07-29 19:47:20,135 __main__ INFO: Unknown: bytearray(b'[3, 0.0005722046, 25.13548, 1, 11894342000]')
2024-07-29 19:47:20,135 __main__ INFO: Unknown: bytearray(b'[0, 0.01153946, 24.96906, 1, 11917811000]')
2024-07-29 19:47:20,150 __main__ INFO: Unknown: bytearray(b'[3, 0.0005722046, 25.16982, 1, 11924264000]')
2024-07-29 19:47:20,169 __main__ INFO: Unknown: bytearray(b'[0, 0.01363754, 24.93092, 1, 11947888000]')
2024-07-29 19:47:20,169 __main__ INFO: Unknown: bytearray(b'[3, 0.001525879, 25.1412, 1, 11954327000]')
2024-07-29 19:47:20,169 __main__ INFO: Unknown: bytearray(b'[0, 0.01182556, 24.9395, 1, 11978027000]')
2024-07-29 19:47:20,182 __main__ INFO: Unknown: bytearray(b'[3, 0.001907349, 25.16982, 1, 11984504000]')
2024-07-29 19:47:20,182 __main__ INFO: Unknown: bytearray(b'[0, 0.01277924, 24.90993, 1, 12007771000]')
2024-07-29 19:47:20,182 __main__ INFO: Unknown: bytearray(b'[3, 0.001239777, 25.18173, 1, 12014228000]')
2024-07-29 19:47:20,229 __main__ INFO: Unknown: bytearray(b'[0, 0.01220703, 24.9519, 1, 12037922000]')
2024-07-29 19:47:20,237 __main__ INFO: Unknown: bytearray(b'[3, 0.001430511, 25.18793, 1, 12044364000]')
2024-07-29 19:47:20,245 __main__ INFO: Unknown: bytearray(b'[0, 0.01497269, 24.9476, 1, 12067900000]')
2024-07-29 19:47:20,245 __main__ INFO: Unknown: bytearray(b'[3, 0.001144409, 25.16552, 1, 12074444000]')
2024-07-29 19:47:20,292 __main__ INFO: Unknown: bytearray(b'[0, 0.01173019, 24.96477, 1, 12098020000]')
2024-07-29 19:47:20,312 __main__ INFO: Unknown: bytearray(b'[3, 0.001239777, 25.18602, 1, 12104477000]')
2024-07-29 19:47:20,323 __main__ INFO: Unknown: bytearray(b'[0, 0.01306534, 24.91375, 1, 12127890000]')
2024-07-29 19:47:20,323 __main__ INFO: Unknown: bytearray(b'[3, 0.001144409, 25.17172, 1, 12134331000]')
2024-07-29 19:47:20,339 __main__ INFO: Unknown: bytearray(b'[0, 0.01306534, 24.90755, 1, 12157849000]')
2024-07-29 19:47:20,358 __main__ INFO: Unknown: bytearray(b'[3, 0.001430511, 25.1412, 1, 12164316000]')
2024-07-29 19:47:20,358 __main__ INFO: Unknown: bytearray(b'[0, 0.0123024, 24.94331, 1, 12190223000]')
2024-07-29 19:47:20,370 __main__ INFO: Unknown: bytearray(b'[3, 0.001525879, 25.16552, 1, 12196705000]')
2024-07-29 19:47:20,401 __main__ INFO: Unknown: bytearray(b'[0, 0.01325607, 24.93282, 1, 12218027000]')
2024-07-29 19:47:20,436 __main__ INFO: Unknown: bytearray(b'[3, 0.001525879, 25.17172, 1, 12224471000]')
2024-07-29 19:47:20,436 __main__ INFO: Unknown: bytearray(b'[0, 0.01249313, 24.89516, 1, 12247775000]')
2024-07-29 19:47:20,436 __main__ INFO: Unknown: bytearray(b'[3, 0.0008583069, 25.1412, 1, 12254229000]')
2024-07-29 19:47:20,467 __main__ INFO: Unknown: bytearray(b'[0, 0.01325607, 24.93092, 1, 12277939000]')
2024-07-29 19:47:20,467 __main__ INFO: Unknown: bytearray(b'[3, 0.001621246, 25.14931, 1, 12284375000]')
2024-07-29 19:47:20,467 __main__ INFO: Unknown: bytearray(b'[0, 0.01220703, 24.95619, 1, 12307904000]')
2024-07-29 19:47:20,483 __main__ INFO: Unknown: bytearray(b'[3, 0.0008583069, 25.1555, 1, 12314332000]')
2024-07-29 19:47:20,532 __main__ INFO: Unknown: bytearray(b'[0, 0.01173019, 24.92233, 1, 12338029000]')
2024-07-29 19:47:20,552 __main__ INFO: Unknown: bytearray(b'[3, 0.001716614, 25.14931, 1, 12344469000]')
2024-07-29 19:47:20,560 __main__ INFO: Unknown: bytearray(b'[0, 0.01211166, 24.98575, 1, 12367894000]')
2024-07-29 19:47:20,560 __main__ INFO: Unknown: bytearray(b'[3, 0.001907349, 25.17601, 1, 12374420000]')
2024-07-29 19:47:20,591 __main__ INFO: Unknown: bytearray(b'[0, 0.01354218, 24.95428, 1, 12397850000]')
2024-07-29 19:47:20,591 __main__ INFO: Unknown: bytearray(b'[3, 0.001144409, 25.19604, 1, 12404311000]')
2024-07-29 19:47:20,591 __main__ INFO: Unknown: bytearray(b'[0, 0.0125885, 24.92853, 1, 12427888000]')
2024-07-29 19:47:20,607 __main__ INFO: Unknown: bytearray(b'[3, 0.0005722046, 25.18173, 1, 12434331000]')
2024-07-29 19:47:20,638 __main__ INFO: Unknown: bytearray(b'[0, 0.01239777, 24.93521, 1, 12458018000]')
2024-07-29 19:47:20,672 __main__ INFO: Unknown: bytearray(b'[3, 0.002098083, 25.17363, 1, 12464485000]')
2024-07-29 19:47:20,685 __main__ INFO: Unknown: bytearray(b'[0, 0.01354218, 24.93712, 1, 12487768000]')
2024-07-29 19:47:20,685 __main__ INFO: Unknown: bytearray(b'[3, 0.001716614, 25.16552, 1, 12494208000]')
2024-07-29 19:47:20,700 __main__ INFO: Unknown: bytearray(b'[0, 0.01239777, 24.97097, 1, 12517923000]')
2024-07-29 19:47:20,716 __main__ INFO: Unknown: bytearray(b'[3, 0.001525879, 25.17363, 1, 12524379000]')
2024-07-29 19:47:20,716 __main__ INFO: Unknown: bytearray(b'[0, 0.01173019, 24.9519, 1, 12550092000]')
2024-07-29 19:47:20,716 __main__ INFO: Unknown: bytearray(b'[3, 0.001049042, 25.18411, 1, 12556591000]')
2024-07-29 19:47:20,763 __main__ INFO: Unknown: bytearray(b'[0, 0.01173019, 24.9476, 1, 12578046000]')
2024-07-29 19:47:20,797 __main__ INFO: Unknown: bytearray(b'[3, 0.001716614, 25.16171, 1, 12584488000]')
2024-07-29 19:47:20,810 __main__ INFO: Unknown: bytearray(b'[0, 0.01192093, 24.91375, 1, 12607897000]')
2024-07-29 19:47:20,810 __main__ INFO: Unknown: bytearray(b'[3, 0.001621246, 25.17982, 1, 12614345000]')
2024-07-29 19:47:20,826 __main__ INFO: Unknown: bytearray(b'[0, 0.01316071, 24.91805, 1, 12637865000]')
2024-07-29 19:47:20,826 __main__ INFO: Unknown: bytearray(b'[3, 0.001716614, 25.14931, 1, 12644324000]')
2024-07-29 19:47:20,841 __main__ INFO: Unknown: bytearray(b'[0, 0.01249313, 24.88657, 1, 12667892000]')
2024-07-29 19:47:20,841 __main__ INFO: Unknown: bytearray(b'[3, 0.001049042, 25.16982, 1, 12674342000]')
2024-07-29 19:47:20,888 __main__ INFO: Unknown: bytearray(b'[0, 0.01239777, 24.92471, 1, 12698027000]')
2024-07-29 19:47:20,912 __main__ INFO: Unknown: bytearray(b'[3, 0.002765656, 25.18411, 1, 12704502000]')
2024-07-29 19:47:20,920 __main__ INFO: Unknown: bytearray(b'[0, 0.0128746, 24.9395, 1, 12727771000]')
2024-07-29 19:47:20,935 __main__ INFO: Unknown: bytearray(b'[3, 0.002670288, 25.18173, 1, 12734217000]')
2024-07-29 19:47:20,951 __main__ INFO: Unknown: bytearray(b'[0, 0.01382828, 24.90135, 1, 12757929000]')
2024-07-29 19:47:20,951 __main__ INFO: Unknown: bytearray(b'[3, 0.001716614, 25.1474, 1, 12764379000]')
2024-07-29 19:47:20,967 __main__ INFO: Unknown: bytearray(b'[0, 0.01296997, 24.87608, 1, 12787903000]')
2024-07-29 19:47:20,967 __main__ INFO: Unknown: bytearray(b'[3, 0.002574921, 25.13739, 1, 12794360000]')
2024-07-29 19:47:21,007 __main__ INFO: Unknown: bytearray(b'[0, 0.01277924, 24.88037, 1, 12818020000]')
2024-07-29 19:47:21,023 __main__ INFO: Unknown: bytearray(b'[3, 0.001335144, 25.16552, 1, 12824479000]')
2024-07-29 19:47:21,031 __main__ INFO: Unknown: bytearray(b'[0, 0.01153946, 24.88657, 1, 12847890000]')
2024-07-29 19:47:21,031 __main__ INFO: Unknown: bytearray(b'[3, 0.001144409, 25.16791, 1, 12854346000]')
2024-07-29 19:47:21,070 __main__ INFO: Unknown: bytearray(b'[0, 0.01134872, 24.89277, 1, 12877841000]')
2024-07-29 19:47:21,091 __main__ INFO: Unknown: bytearray(b'[3, 0.001430511, 25.16791, 1, 12884319000]')
2024-07-29 19:47:21,102 __main__ INFO: Unknown: bytearray(b'[0, 0.01220703, 24.93092, 1, 12909943000]')
2024-07-29 19:47:21,102 __main__ INFO: Unknown: bytearray(b'[3, 0.001049042, 25.15169, 1, 12916417000]')
2024-07-29 19:47:21,118 __main__ INFO: Unknown: bytearray(b'[0, 0.0125885, 24.89086, 1, 12938023000]')
2024-07-29 19:47:21,153 __main__ INFO: Unknown: bytearray(b'[3, 0.001716614, 25.1598, 1, 12944478000]')
2024-07-29 19:47:21,165 __main__ INFO: Unknown: bytearray(b'[0, 0.01335144, 24.95428, 1, 12967779000]')
2024-07-29 19:47:21,170 __main__ INFO: Unknown: bytearray(b'[3, 0.001811981, 25.1598, 1, 12974223000]')
2024-07-29 19:47:21,181 __main__ INFO: Unknown: bytearray(b'[0, 0.01296997, 24.9395, 1, 12997937000]')
2024-07-29 19:47:21,196 __main__ INFO: Unknown: bytearray(b'[3, 0.001716614, 25.15741, 1, 13004406000]')
2024-07-29 19:47:21,196 __main__ INFO: Unknown: bytearray(b'[0, 0.01239777, 24.96477, 1, 13027904000]')
2024-07-29 19:47:21,196 __main__ INFO: Unknown: bytearray(b'[3, 0.001716614, 25.15741, 1, 13034370000]')
2024-07-29 19:47:21,243 __main__ INFO: Unknown: bytearray(b'[0, 0.01306534, 24.96477, 1, 13058031000]')
2024-07-29 19:47:21,275 __main__ INFO: Unknown: bytearray(b'[3, 0.001430511, 25.18793, 1, 13064499000]')
2024-07-29 19:47:21,275 __main__ INFO: Unknown: bytearray(b'[0, 0.01211166, 24.96048, 1, 13087925000]')
2024-07-29 19:47:21,290 __main__ INFO: Unknown: bytearray(b'[3, 0.001239777, 25.15741, 1, 13094362000]')
2024-07-29 19:47:21,306 __main__ INFO: Unknown: bytearray(b'[0, 0.0125885, 24.90993, 1, 13117852000]')
2024-07-29 19:47:21,306 __main__ INFO: Unknown: bytearray(b'[3, 0.0008583069, 25.1555, 1, 13124307000]')
2024-07-29 19:47:21,321 __main__ INFO: Unknown: bytearray(b'[0, 0.01277924, 24.91805, 1, 13147885000]')
2024-07-29 19:47:21,321 __main__ INFO: Unknown: bytearray(b'[3, 0.002288818, 25.16361, 1, 13154329000]')
2024-07-29 19:47:21,372 __main__ INFO: Unknown: bytearray(b'[0, 0.01296997, 24.94331, 1, 13178024000]')
2024-07-29 19:47:21,372 __main__ INFO: Unknown: bytearray(b'[3, 0.001430511, 25.1598, 1, 13184481000]')
2024-07-29 19:47:21,421 __main__ INFO: Unknown: bytearray(b'[0, 0.01268387, 24.93092, 1, 13207777000]')
2024-07-29 19:47:21,429 __main__ INFO: Unknown: bytearray(b'[3, 0.001430511, 25.18793, 1, 13214235000]')
2024-07-29 19:47:21,443 __main__ INFO: Unknown: bytearray(b'[0, 0.01239777, 24.89516, 1, 13237919000]')
2024-07-29 19:47:21,486 __main__ INFO: Unknown: bytearray(b'[3, 0.001049042, 25.16361, 1, 13244378000]')
2024-07-29 19:47:21,502 __main__ INFO: Unknown: bytearray(b'[0, 0.0120163, 24.96477, 1, 13269956000]')
2024-07-29 19:47:21,505 __main__ INFO: Unknown: bytearray(b'[3, 0.001335144, 25.16552, 1, 13276459000]')
2024-07-29 19:47:21,521 __main__ INFO: Unknown: bytearray(b'[0, 0.0128746, 24.96906, 1, 13297973000]')
2024-07-29 19:47:21,526 __main__ INFO: Unknown: bytearray(b'[3, 0.002574921, 25.14931, 1, 13304407000]')
2024-07-29 19:47:21,534 __main__ INFO: Unknown: bytearray(b'[0, 0.0125885, 24.87179, 1, 13327896000]')
2024-07-29 19:47:21,535 __main__ INFO: Unknown: bytearray(b'[3, 0.001430511, 25.15741, 1, 13334345000]')
2024-07-29 19:47:21,550 __main__ INFO: Unknown: bytearray(b'[0, 0.01392365, 24.88847, 1, 13357861000]')
2024-07-29 19:47:21,550 __main__ INFO: Unknown: bytearray(b'[3, 0.001525879, 25.13548, 1, 13364341000]')
2024-07-29 19:47:21,550 __main__ INFO: Unknown: bytearray(b'[0, 0.01211166, 24.88419, 1, 13387889000]')
2024-07-29 19:47:21,566 __main__ INFO: Unknown: bytearray(b'[3, 0.001144409, 25.18411, 1, 13394413000]')
2024-07-29 19:47:21,597 __main__ INFO: Unknown: bytearray(b'[0, 0.01306534, 24.90326, 1, 13418032000]')
2024-07-29 19:47:21,632 __main__ INFO: Unknown: bytearray(b'[3, 0.0008583069, 25.19222, 1, 13424493000]')
2024-07-29 19:47:21,644 __main__ INFO: Unknown: bytearray(b'[0, 0.01382828, 24.91375, 1, 13447772000]')
2024-07-29 19:47:21,644 __main__ INFO: Unknown: bytearray(b'[3, 0.001239777, 25.17792, 1, 13454224000]')
2024-07-29 19:47:21,672 __main__ INFO: Unknown: bytearray(b'[0, 0.01220703, 24.86511, 1, 13477925000]')
2024-07-29 19:47:21,680 __main__ INFO: Unknown: bytearray(b'[3, 0.001811981, 25.13739, 1, 13484350000]')
2024-07-29 19:47:21,685 __main__ INFO: Unknown: bytearray(b'[0, 0.01354218, 24.91614, 1, 13507905000]')
2024-07-29 19:47:21,688 __main__ INFO: Unknown: bytearray(b'[3, 0.001907349, 25.1555, 1, 13514346000]')
2024-07-29 19:47:21,720 __main__ INFO: Unknown: bytearray(b'[0, 0.0123024, 24.91805, 1, 13538023000]')
2024-07-29 19:47:21,738 __main__ INFO: Unknown: bytearray(b'[3, 0.001525879, 25.16791, 1, 13544475000]')
2024-07-29 19:47:21,738 __main__ INFO: Unknown: bytearray(b'[0, 0.01401901, 24.89706, 1, 13567890000]')
2024-07-29 19:47:21,751 __main__ INFO: Unknown: bytearray(b'[3, 0.0007629395, 25.15169, 1, 13574311000]')
2024-07-29 19:47:21,783 __main__ INFO: Unknown: bytearray(b'[0, 0.0128746, 24.92853, 1, 13597841000]')
2024-07-29 19:47:21,814 __main__ INFO: Unknown: bytearray(b'[3, 0.001907349, 25.16361, 1, 13604309000]')
2024-07-29 19:47:21,814 __main__ INFO: Unknown: bytearray(b'[0, 0.0123024, 24.92471, 1, 13629944000]')
2024-07-29 19:47:21,830 __main__ INFO: Unknown: bytearray(b'[3, 0.001525879, 25.17982, 1, 13636426000]')
2024-07-29 19:47:21,845 __main__ INFO: Unknown: bytearray(b'[0, 0.01068115, 24.91184, 1, 13658023000]')
2024-07-29 19:47:21,845 __main__ INFO: Unknown: bytearray(b'[3, 0.001430511, 25.14549, 1, 13664467000]')
2024-07-29 19:47:21,861 __main__ INFO: Unknown: bytearray(b'[0, 0.01077652, 24.92471, 1, 13687777000]')
2024-07-29 19:47:21,861 __main__ INFO: Unknown: bytearray(b'[3, 0.001335144, 25.15741, 1, 13694227000]')
2024-07-29 19:47:21,908 __main__ INFO: Unknown: bytearray(b'[0, 0.01335144, 24.92471, 1, 13717944000]')
2024-07-29 19:47:21,930 __main__ INFO: Unknown: bytearray(b'[3, 0.001716614, 25.18411, 1, 13724374000]')
2024-07-29 19:47:21,939 __main__ INFO: Unknown: bytearray(b'[0, 0.01316071, 24.93521, 1, 13747904000]')
2024-07-29 19:47:21,939 __main__ INFO: Unknown: bytearray(b'[3, 0.002002716, 25.18793, 1, 13754335000]')
2024-07-29 19:47:21,971 __main__ INFO: Unknown: bytearray(b'[0, 0.01249313, 24.90326, 1, 13778029000]')
2024-07-29 19:47:22,018 __main__ INFO: Unknown: bytearray(b'[3, 0.002098083, 25.1474, 1, 13784483000]')
2024-07-29 19:47:22,049 __main__ INFO: Unknown: bytearray(b'[0, 0.01192093, 24.91184, 1, 13807888000]')
2024-07-29 19:47:22,065 __main__ INFO: Unknown: bytearray(b'[3, 0.002288818, 25.1393, 1, 13814327000]')
2024-07-29 19:47:22,065 __main__ INFO: Unknown: bytearray(b'[0, 0.01182556, 24.89516, 1, 13837792000]')
2024-07-29 19:47:22,065 __main__ INFO: Unknown: bytearray(b'[3, 0.001621246, 25.13309, 1, 13844239000]')
2024-07-29 19:47:22,065 __main__ INFO: Unknown: bytearray(b'[0, 0.01354218, 24.90326, 1, 13867894000]')
2024-07-29 19:47:22,085 __main__ INFO: Unknown: bytearray(b'[3, 0.001144409, 25.16171, 1, 13874332000]')
2024-07-29 19:47:22,087 __main__ INFO: Unknown: bytearray(b'[0, 0.01220703, 24.92662, 1, 13898022000]')
2024-07-29 19:47:22,087 __main__ INFO: Unknown: bytearray(b'[3, 0.001716614, 25.16552, 1, 13904453000]')
2024-07-29 19:47:22,102 __main__ INFO: Unknown: bytearray(b'[0, 0.01182556, 24.94331, 1, 13927776000]')
2024-07-29 19:47:22,102 __main__ INFO: Unknown: bytearray(b'[3, 0.001811981, 25.17363, 1, 13934209000]')
2024-07-29 19:47:22,150 __main__ INFO: Unknown: bytearray(b'[0, 0.0128746, 24.93092, 1, 13957919000]')
2024-07-29 19:47:22,181 __main__ INFO: Unknown: bytearray(b'[3, 0.0007629395, 25.16171, 1, 13964370000]')
2024-07-29 19:47:22,181 __main__ INFO: Unknown: bytearray(b'[0, 0.0120163, 24.93092, 1, 13989952000]')
2024-07-29 19:47:22,181 __main__ INFO: Unknown: bytearray(b'[3, 0.002288818, 25.17792, 1, 13996443000]')
2024-07-29 19:47:22,212 __main__ INFO: Unknown: bytearray(b'[0, 0.01020432, 24.95619, 1, 14018022000]')
2024-07-29 19:47:22,212 __main__ INFO: Unknown: bytearray(b'[3, 0.002288818, 25.1412, 1, 14024471000]')
2024-07-29 19:47:22,212 __main__ INFO: Unknown: bytearray(b'[0, 0.01220703, 24.95428, 1, 14047896000]')
2024-07-29 19:47:22,228 __main__ INFO: Unknown: bytearray(b'[3, 0.002288818, 25.15741, 1, 14054327000]')
2024-07-29 19:47:22,259 __main__ INFO: Unknown: bytearray(b'[0, 0.01382828, 24.91375, 1, 14078110000]')
2024-07-29 19:47:22,291 __main__ INFO: Unknown: bytearray(b'[3, 0.001716614, 25.18411, 1, 14084575000]')
2024-07-29 19:47:22,291 __main__ INFO: Unknown: bytearray(b'[0, 0.01239777, 24.89897, 1, 14107893000]')
2024-07-29 19:47:22,307 __main__ INFO: Unknown: bytearray(b'[3, 0.001716614, 25.19794, 1, 14114356000]')
2024-07-29 19:47:22,322 __main__ INFO: Unknown: bytearray(b'[0, 0.01296997, 24.90135, 1, 14138027000]')
2024-07-29 19:47:22,338 __main__ INFO: Unknown: bytearray(b'[3, 0.001525879, 25.16171, 1, 14144486000]')
2024-07-29 19:47:22,338 __main__ INFO: Unknown: bytearray(b'[0, 0.01325607, 24.92662, 1, 14167774000]')
2024-07-29 19:47:22,338 __main__ INFO: Unknown: bytearray(b'[3, 0.001049042, 25.1598, 1, 14174206000]')
2024-07-29 19:47:22,385 __main__ INFO: Unknown: bytearray(b'[0, 0.01344681, 24.93092, 1, 14197925000]')
2024-07-29 19:47:22,416 __main__ INFO: Unknown: bytearray(b'[3, 0.001811981, 25.18983, 1, 14204374000]')
2024-07-29 19:47:22,416 __main__ INFO: Unknown: bytearray(b'[0, 0.0123024, 24.93282, 1, 14227904000]')
2024-07-29 19:47:22,416 __main__ INFO: Unknown: bytearray(b'[3, 0.001239777, 25.15359, 1, 14234344000]')
2024-07-29 19:47:22,448 __main__ INFO: Unknown: bytearray(b'[0, 0.01363754, 24.92471, 1, 14258024000]')
2024-07-29 19:47:22,448 __main__ INFO: Unknown: bytearray(b'[3, 0.002193451, 25.16171, 1, 14264472000]')
2024-07-29 19:47:22,463 __main__ INFO: Unknown: bytearray(b'[0, 0.01163483, 24.9519, 1, 14287888000]')
2024-07-29 19:47:22,463 __main__ INFO: Unknown: bytearray(b'[3, 0.001716614, 25.19413, 1, 14294337000]')
2024-07-29 19:47:22,511 __main__ INFO: Unknown: bytearray(b'[0, 0.01344681, 24.86511, 1, 14317844000]')
2024-07-29 19:47:22,511 __main__ INFO: Unknown: bytearray(b'[3, 0.001907349, 25.17363, 1, 14324307000]')
2024-07-29 19:47:22,526 __main__ INFO: Unknown: bytearray(b'[0, 0.01335144, 24.85701, 1, 14349943000]')
2024-07-29 19:47:22,526 __main__ INFO: Unknown: bytearray(b'[3, 0.002288818, 25.1598, 1, 14356421000]')
2024-07-29 19:47:22,558 __main__ INFO: Unknown: bytearray(b'[0, 0.01134872, 24.89897, 1, 14378023000]')
2024-07-29 19:47:22,592 __main__ INFO: Unknown: bytearray(b'[3, 0.001621246, 25.1393, 1, 14384490000]')
2024-07-29 19:47:22,604 __main__ INFO: Unknown: bytearray(b'[0, 0.01440048, 24.92662, 1, 14407779000]')
2024-07-29 19:47:22,604 __main__ INFO: Unknown: bytearray(b'[3, 0.001049042, 25.16982, 1, 14414292000]')
2024-07-29 19:47:22,620 __main__ INFO: Unknown: bytearray(b'[0, 0.0128746, 24.92662, 1, 14437941000]')
2024-07-29 19:47:22,637 __main__ INFO: Unknown: bytearray(b'[3, 0.001525879, 25.18173, 1, 14444375000]')
2024-07-29 19:47:22,637 __main__ INFO: Unknown: bytearray(b'[0, 0.01192093, 24.90564, 1, 14467905000]')
2024-07-29 19:47:22,637 __main__ INFO: Unknown: bytearray(b'[3, 0.002288818, 25.16552, 1, 14474354000]')
2024-07-29 19:47:22,683 __main__ INFO: Unknown: bytearray(b'[0, 0.01239777, 24.92471, 1, 14498025000]')
2024-07-29 19:47:22,714 __main__ INFO: Unknown: bytearray(b'[3, 0.001716614, 25.18793, 1, 14504494000]')
2024-07-29 19:47:22,714 __main__ INFO: Unknown: bytearray(b'[0, 0.01220703, 24.95428, 1, 14527891000]')
2024-07-29 19:47:22,730 __main__ INFO: Unknown: bytearray(b'[3, 0.002384186, 25.18602, 1, 14534314000]')
2024-07-29 19:47:22,746 __main__ INFO: Unknown: bytearray(b'[0, 0.01354218, 24.98766, 1, 14557846000]')
2024-07-29 19:47:22,746 __main__ INFO: Unknown: bytearray(b'[3, 0.002002716, 25.17363, 1, 14564320000]')
2024-07-29 19:47:22,761 __main__ INFO: Unknown: bytearray(b'[0, 0.0125885, 24.9519, 1, 14587883000]')
2024-07-29 19:47:22,761 __main__ INFO: Unknown: bytearray(b'[3, 0.001525879, 25.18793, 1, 14594316000]')
2024-07-29 19:47:22,808 __main__ INFO: Unknown: bytearray(b'[0, 0.01192093, 24.99195, 1, 14618022000]')
2024-07-29 19:47:22,839 __main__ INFO: Unknown: bytearray(b'[3, 0.002479553, 25.15359, 1, 14624488000]')
2024-07-29 19:47:22,839 __main__ INFO: Unknown: bytearray(b'[0, 0.01344681, 24.93712, 1, 14647778000]')
2024-07-29 19:47:22,839 __main__ INFO: Unknown: bytearray(b'[3, 0.0007629395, 25.17172, 1, 14654222000]')
2024-07-29 19:47:22,870 __main__ INFO: Unknown: bytearray(b'[0, 0.01173019, 24.90993, 1, 14677917000]')
2024-07-29 19:47:22,870 __main__ INFO: Unknown: bytearray(b'[3, 0.001335144, 25.16791, 1, 14684365000]')
2024-07-29 19:47:22,870 __main__ INFO: Unknown: bytearray(b'[0, 0.0120163, 24.8694, 1, 14709958000]')
2024-07-29 19:47:22,886 __main__ INFO: Unknown: bytearray(b'[3, 0.002193451, 25.17601, 1, 14716443000]')
2024-07-29 19:47:22,933 __main__ INFO: Unknown: bytearray(b'[0, 0.01277924, 24.88037, 1, 14738022000]')
2024-07-29 19:47:22,952 __main__ INFO: Unknown: bytearray(b'[3, 0.002384186, 25.17601, 1, 14744487000]')
2024-07-29 19:47:22,952 __main__ INFO: Unknown: bytearray(b'[0, 0.01497269, 24.92043, 1, 14767893000]')
2024-07-29 19:47:22,964 __main__ INFO: Unknown: bytearray(b'[3, 0.001716614, 25.18173, 1, 14774345000]')
2024-07-29 19:47:22,980 __main__ INFO: Unknown: bytearray(b'[0, 0.01440048, 24.93282, 1, 14797864000]')
2024-07-29 19:47:22,998 __main__ INFO: Unknown: bytearray(b'[3, 0.001525879, 25.15359, 1, 14804312000]')
2024-07-29 19:47:22,998 __main__ INFO: Unknown: bytearray(b'[0, 0.01268387, 24.90135, 1, 14827891000]')
2024-07-29 19:47:23,012 __main__ INFO: Unknown: bytearray(b'[3, 0.001430511, 25.16552, 1, 14834334000]')
2024-07-29 19:47:23,043 __main__ INFO: Unknown: bytearray(b'[0, 0.01173019, 24.88228, 1, 14858028000]')
2024-07-29 19:47:23,077 __main__ INFO: Unknown: bytearray(b'[3, 0.0003814697, 25.1474, 1, 14864495000]')
2024-07-29 19:47:23,077 __main__ INFO: Unknown: bytearray(b'[0, 0.01296997, 24.90755, 1, 14887769000]')
2024-07-29 19:47:23,077 __main__ INFO: Unknown: bytearray(b'[3, 0.001430511, 25.14549, 1, 14894226000]')
2024-07-29 19:47:23,108 __main__ INFO: Unknown: bytearray(b'[0, 0.01058578, 24.92233, 1, 14917932000]')
2024-07-29 19:47:23,108 __main__ INFO: Unknown: bytearray(b'[3, 0.001430511, 25.14549, 1, 14924379000]')
2024-07-29 19:47:23,123 __main__ INFO: Unknown: bytearray(b'[0, 0.0120163, 24.90993, 1, 14947899000]')
2024-07-29 19:47:23,123 __main__ INFO: Unknown: bytearray(b'[3, 0.001907349, 25.19794, 1, 14954346000]')
2024-07-29 19:47:23,170 __main__ INFO: Unknown: bytearray(b'[0, 0.0120163, 24.90993, 1, 14978025000]')
2024-07-29 19:47:23,191 __main__ INFO: Unknown: bytearray(b'[3, 0.002193451, 25.18173, 1, 14984482000]')
2024-07-29 19:47:23,201 __main__ INFO: Unknown: bytearray(b'[0, 0.01153946, 24.91184, 1, 15007885000]')
2024-07-29 19:47:23,201 __main__ INFO: Unknown: bytearray(b'[3, 0.001716614, 25.17601, 1, 15014328000]')
2024-07-29 19:47:23,233 __main__ INFO: Unknown: bytearray(b'[0, 0.0128746, 24.93282, 1, 15037844000]')
2024-07-29 19:47:23,233 __main__ INFO: Unknown: bytearray(b'[3, 0.001239777, 25.14931, 1, 15044297000]')
2024-07-29 19:47:23,233 __main__ INFO: Unknown: bytearray(b'[0, 0.0125885, 24.85701, 1, 15069945000]')
2024-07-29 19:47:23,248 __main__ INFO: Unknown: bytearray(b'[3, 0.001621246, 25.1393, 1, 15076408000]')
2024-07-29 19:47:23,280 __main__ INFO: Unknown: bytearray(b'[0, 0.01173019, 24.91375, 1, 15098033000]')
2024-07-29 19:47:23,313 __main__ INFO: Unknown: bytearray(b'[3, 0.001144409, 25.17172, 1, 15104478000]')
2024-07-29 19:47:23,327 __main__ INFO: Unknown: bytearray(b'[0, 0.01363754, 24.89706, 1, 15127786000]')
2024-07-29 19:47:23,327 __main__ INFO: Unknown: bytearray(b'[3, 0.001907349, 25.18173, 1, 15134244000]')
2024-07-29 19:47:23,342 __main__ INFO: Unknown: bytearray(b'[0, 0.01173019, 24.85271, 1, 15157938000]')
2024-07-29 19:47:23,358 __main__ INFO: Unknown: bytearray(b'[3, 0.001716614, 25.18983, 1, 15164373000]')
2024-07-29 19:47:23,358 __main__ INFO: Unknown: bytearray(b'[0, 0.01211166, 24.89086, 1, 15187907000]')
2024-07-29 19:47:23,358 __main__ INFO: Unknown: bytearray(b'[3, 0.0008583069, 25.19413, 1, 15194346000]')
2024-07-29 19:47:23,405 __main__ INFO: Unknown: bytearray(b'[0, 0.01249313, 24.92662, 1, 15218024000]')
2024-07-29 19:47:23,436 __main__ INFO: Unknown: bytearray(b'[3, 0.001430511, 25.16982, 1, 15224469000]')
2024-07-29 19:47:23,436 __main__ INFO: Unknown: bytearray(b'[0, 0.0125885, 24.91375, 1, 15247894000]')
2024-07-29 19:47:23,436 __main__ INFO: Unknown: bytearray(b'[3, 0.000667572, 25.19604, 1, 15254342000]')
2024-07-29 19:47:23,468 __main__ INFO: Unknown: bytearray(b'[0, 0.0123024, 24.92662, 1, 15277846000]')
2024-07-29 19:47:23,468 __main__ INFO: Unknown: bytearray(b'[3, 0.001716614, 25.12928, 1, 15284305000]')
2024-07-29 19:47:23,483 __main__ INFO: Unknown: bytearray(b'[0, 0.01106262, 24.91614, 1, 15307889000]')
2024-07-29 19:47:23,483 __main__ INFO: Unknown: bytearray(b'[3, 0.001907349, 25.1393, 1, 15314322000]')
2024-07-29 19:47:23,530 __main__ INFO: Unknown: bytearray(b'[0, 0.0128746, 24.9476, 1, 15338022000]')
2024-07-29 19:47:23,552 __main__ INFO: Unknown: bytearray(b'[3, 0.002098083, 25.18793, 1, 15344466000]')
2024-07-29 19:47:23,561 __main__ INFO: Unknown: bytearray(b'[0, 0.01392365, 24.91805, 1, 15367774000]')
2024-07-29 19:47:23,561 __main__ INFO: Unknown: bytearray(b'[3, 0.001430511, 25.16171, 1, 15374212000]')
2024-07-29 19:47:23,593 __main__ INFO: Unknown: bytearray(b'[0, 0.0125885, 24.90755, 1, 15397920000]')
2024-07-29 19:47:23,593 __main__ INFO: Unknown: bytearray(b'[3, 0.002384186, 25.1555, 1, 15404368000]')
2024-07-29 19:47:23,593 __main__ INFO: Unknown: bytearray(b'[0, 0.01106262, 24.94331, 1, 15430229000]')
2024-07-29 19:47:23,608 __main__ INFO: Unknown: bytearray(b'[3, 0.002384186, 25.1393, 1, 15436650000]')
2024-07-29 19:47:23,639 __main__ INFO: Unknown: bytearray(b'[0, 0.0128746, 24.93521, 1, 15458028000]')
2024-07-29 19:47:23,673 __main__ INFO: Unknown: bytearray(b'[3, 0.001716614, 25.14359, 1, 15464473000]')
2024-07-29 19:47:23,673 __main__ INFO: Unknown: bytearray(b'[0, 0.01153946, 24.91375, 1, 15487898000]')
2024-07-29 19:47:23,687 __main__ INFO: Unknown: bytearray(b'[3, 0.002002716, 25.1555, 1, 15494356000]')
2024-07-29 19:47:23,702 __main__ INFO: Unknown: bytearray(b'[0, 0.01373291, 24.9476, 1, 15517859000]')
2024-07-29 19:47:23,718 __main__ INFO: Unknown: bytearray(b'[3, 0.001049042, 25.16552, 1, 15524313000]')
2024-07-29 19:47:23,718 __main__ INFO: Unknown: bytearray(b'[0, 0.0123024, 24.89897, 1, 15547893000]')
2024-07-29 19:47:23,718 __main__ INFO: Unknown: bytearray(b'[3, 0.001144409, 25.17601, 1, 15554348000]')
2024-07-29 19:47:23,765 __main__ INFO: Unknown: bytearray(b'[0, 0.01306534, 24.94569, 1, 15578034000]')
2024-07-29 19:47:23,796 __main__ INFO: Unknown: bytearray(b'[3, 0.002098083, 25.15741, 1, 15584496000]')
2024-07-29 19:47:23,796 __main__ INFO: Unknown: bytearray(b'[0, 0.01306534, 24.90993, 1, 15607773000]')
2024-07-29 19:47:23,796 __main__ INFO: Unknown: bytearray(b'[3, 0.001621246, 25.1598, 1, 15614216000]')
2024-07-29 19:47:23,828 __main__ INFO: Unknown: bytearray(b'[0, 0.0123024, 24.96048, 1, 15637925000]')
2024-07-29 19:47:23,828 __main__ INFO: Unknown: bytearray(b'[3, 0.001525879, 25.17172, 1, 15644372000]')
2024-07-29 19:47:23,843 __main__ INFO: Unknown: bytearray(b'[0, 0.01296997, 24.94141, 1, 15667899000]')
2024-07-29 19:47:23,843 __main__ INFO: Unknown: bytearray(b'[3, 0.001621246, 25.16361, 1, 15674349000]')
2024-07-29 19:47:23,890 __main__ INFO: Unknown: bytearray(b'[0, 0.01316071, 24.9395, 1, 15698028000]')
2024-07-29 19:47:23,953 __main__ INFO: Unknown: bytearray(b'[3, 0.001239777, 25.17792, 1, 15704497000]')
2024-07-29 19:47:23,972 __main__ INFO: Unknown: bytearray(b'[0, 0.01373291, 24.93282, 1, 15727894000]')
2024-07-29 19:47:23,972 __main__ INFO: Unknown: bytearray(b'[3, 0.001811981, 25.18411, 1, 15734324000]')
2024-07-29 19:47:23,985 __main__ INFO: Unknown: bytearray(b'[0, 0.01478195, 24.90564, 1, 15757797000]')
2024-07-29 19:47:23,985 __main__ INFO: Unknown: bytearray(b'[3, 0.001525879, 25.17601, 1, 15764256000]')
2024-07-29 19:47:24,001 __main__ INFO: Unknown: bytearray(b'[0, 0.01249313, 24.90135, 1, 15790085000]')
2024-07-29 19:47:24,001 __main__ INFO: Unknown: bytearray(b'[3, 0.002765656, 25.17172, 1, 15796555000]')
2024-07-29 19:47:24,017 __main__ INFO: Unknown: bytearray(b'[0, 0.01440048, 24.91805, 1, 15818025000]')
2024-07-29 19:47:24,017 __main__ INFO: Unknown: bytearray(b'[3, 0.001621246, 25.19413, 1, 15824462000]')
2024-07-29 19:47:24,017 __main__ INFO: Unknown: bytearray(b'[0, 0.01249313, 24.89706, 1, 15847782000]')
2024-07-29 19:47:24,032 __main__ INFO: Unknown: bytearray(b'[3, 0.001811981, 25.18602, 1, 15854221000]')
2024-07-29 19:47:24,064 __main__ INFO: Unknown: bytearray(b'[0, 0.0125885, 24.91805, 1, 15877944000]')
2024-07-29 19:47:24,099 __main__ INFO: Unknown: bytearray(b'[3, 0.001430511, 25.15359, 1, 15884379000]')
2024-07-29 19:47:24,108 __main__ INFO: Unknown: bytearray(b'[0, 0.01182556, 24.90326, 1, 15907909000]')
2024-07-29 19:47:24,114 __main__ INFO: Unknown: bytearray(b'[3, 0.001907349, 25.18793, 1, 15914349000]')
2024-07-29 19:47:24,133 __main__ INFO: Unknown: bytearray(b'[0, 0.01373291, 24.91375, 1, 15938031000]')
2024-07-29 19:47:24,138 __main__ INFO: Unknown: bytearray(b'[3, 0.001430511, 25.18602, 1, 15944494000]')
2024-07-29 19:47:24,145 __main__ INFO: Unknown: bytearray(b'[0, 0.01306534, 24.92233, 1, 15967892000]')
2024-07-29 19:47:24,150 __main__ INFO: Unknown: bytearray(b'[3, 0.001239777, 25.18793, 1, 15974329000]')
2024-07-29 19:47:24,252 __main__ INFO: Unknown: bytearray(b'[0, 0.01430511, 24.89086, 1, 15997848000]')
2024-07-29 19:47:24,278 __main__ INFO: Unknown: bytearray(b'[3, 0.001621246, 25.18173, 1, 16004297000]')
2024-07-29 19:47:24,284 __main__ INFO: Unknown: bytearray(b'[0, 0.01173019, 24.90993, 1, 16027892000]')
2024-07-29 19:47:24,289 __main__ INFO: Unknown: bytearray(b'[3, 0.001525879, 25.18411, 1, 16034333000]')
2024-07-29 19:47:24,294 __main__ INFO: Unknown: bytearray(b'[0, 0.01335144, 24.87179, 1, 16057965000]')
2024-07-29 19:47:24,299 __main__ INFO: Unknown: bytearray(b'[3, 0.002002716, 25.18173, 1, 16064400000]')
2024-07-29 19:47:24,304 __main__ INFO: Unknown: bytearray(b'[0, 0.0125885, 24.92662, 1, 16087807000]')
2024-07-29 19:47:24,309 __main__ INFO: Unknown: bytearray(b'[3, 0.0005722046, 25.17792, 1, 16094236000]')
2024-07-29 19:47:24,315 __main__ INFO: Unknown: bytearray(b'[0, 0.01153946, 24.91375, 1, 16117922000]')
2024-07-29 19:47:24,319 __main__ INFO: Unknown: bytearray(b'[3, 0.001144409, 25.20605, 1, 16124375000]')
2024-07-29 19:47:24,325 __main__ INFO: Unknown: bytearray(b'[0, 0.0128746, 24.93521, 1, 16149969000]')
2024-07-29 19:47:24,331 __main__ INFO: Unknown: bytearray(b'[3, 0.001525879, 25.19413, 1, 16156459000]')
2024-07-29 19:47:24,373 __main__ INFO: Unknown: bytearray(b'[0, 0.01239777, 24.94569, 1, 16178024000]')
2024-07-29 19:47:24,379 __main__ INFO: Unknown: bytearray(b'[3, 0.001907349, 25.18602, 1, 16184496000]')
2024-07-29 19:47:24,385 __main__ INFO: Unknown: bytearray(b'[0, 0.01335144, 24.90755, 1, 16207896000]')
2024-07-29 19:47:24,390 __main__ INFO: Unknown: bytearray(b'[3, 0.001811981, 25.18983, 1, 16214337000]')
2024-07-29 19:47:24,433 __main__ INFO: Unknown: bytearray(b'[0, 0.01354218, 24.92853, 1, 16237866000]')
2024-07-29 19:47:24,439 __main__ INFO: Unknown: bytearray(b'[3, 0.0009536743, 25.19604, 1, 16244339000]')
2024-07-29 19:47:24,447 __main__ INFO: Unknown: bytearray(b'[0, 0.01306534, 24.92043, 1, 16267889000]')
2024-07-29 19:47:24,452 __main__ INFO: Unknown: bytearray(b'[3, 0.001811981, 25.17601, 1, 16274328000]')
2024-07-29 19:47:24,492 __main__ INFO: Unknown: bytearray(b'[0, 0.01268387, 24.89897, 1, 16298034000]')
2024-07-29 19:47:24,498 __main__ INFO: Unknown: bytearray(b'[3, 0.001907349, 25.16791, 1, 16304511000]')
2024-07-29 19:47:24,504 __main__ INFO: Unknown: bytearray(b'[0, 0.01382828, 24.96239, 1, 16327773000]')
2024-07-29 19:47:24,509 __main__ INFO: Unknown: bytearray(b'[3, 9.536743e-05, 25.20415, 1, 16334229000]')
2024-07-29 19:47:24,553 __main__ INFO: Unknown: bytearray(b'[0, 0.01211166, 24.92853, 1, 16357925000]')
2024-07-29 19:47:24,613 __main__ INFO: Unknown: bytearray(b'[3, 0.001621246, 25.17172, 1, 16364367000]')
2024-07-29 19:47:24,620 __main__ INFO: Unknown: bytearray(b'[0, 0.01192093, 24.97288, 1, 16387903000]')
2024-07-29 19:47:24,627 __main__ INFO: Unknown: bytearray(b'[3, 0.002002716, 25.18983, 1, 16394359000]')
2024-07-29 19:47:24,633 __main__ INFO: Unknown: bytearray(b'[0, 0.01239777, 24.92043, 1, 16417967000]')
2024-07-29 19:47:24,638 __main__ INFO: Unknown: bytearray(b'[3, 0.001907349, 25.18793, 1, 16424406000]')
2024-07-29 19:47:24,645 __main__ INFO: Unknown: bytearray(b'[0, 0.01192093, 24.96048, 1, 16447887000]')
2024-07-29 19:47:24,651 __main__ INFO: Unknown: bytearray(b'[3, 0.001525879, 25.17792, 1, 16454413000]')
2024-07-29 19:47:24,673 __main__ INFO: Unknown: bytearray(b'[0, 0.01354218, 24.93282, 1, 16477849000]')
2024-07-29 19:47:24,679 __main__ INFO: Unknown: bytearray(b'[3, 0.001335144, 25.18793, 1, 16484313000]')
2024-07-29 19:47:24,684 __main__ INFO: Unknown: bytearray(b'[0, 0.01268387, 24.98575, 1, 16509803000]')
2024-07-29 19:47:24,689 __main__ INFO: Unknown: bytearray(b'[3, 0.001716614, 25.17363, 1, 16516326000]')
2024-07-29 19:47:34,281 __main__ INFO: Disconnected callback called!
2024-07-29 19:47:34,306 __main__ INFO: disconnecting...
2024-07-29 19:47:34,420 __main__ INFO: disconnected
